  [4;36;1mSQL (0.3ms)[0m   [0;1m SELECT name
 FROM sqlite_master
 WHERE type = 'table' AND NOT name = 'sqlite_sequence'
[0m
  [4;35;1mSQL (0.2ms)[0m   [0mselect sqlite_version(*)[0m
  [4;36;1mSQL (2.5ms)[0m   [0;1mCREATE TABLE "schema_migrations" ("version" varchar(255) NOT NULL) [0m
  [4;35;1mSQL (2.6ms)[0m   [0mCREATE UNIQUE INDEX "unique_schema_migrations" ON "schema_migrations" ("version")[0m
  [4;36;1mSQL (0.3ms)[0m   [0;1m SELECT name
 FROM sqlite_master
 WHERE type = 'table' AND NOT name = 'sqlite_sequence'
[0m
  [4;35;1mSQL (0.2ms)[0m   [0mSELECT version FROM schema_migrations[0m
Migrating to CreateValues (20090620201454)
  [4;36;1mSQL (0.5ms)[0m   [0;1mCREATE TABLE "values" ("id" INTEGER PRIMARY KEY AUTOINCREMENT NOT NULL, "description" varchar(255), "created_at" datetime, "updated_at" datetime) [0m
  [4;35;1mSQL (0.1ms)[0m   [0mINSERT INTO schema_migrations (version) VALUES ('20090620201454')[0m
Migrating to CreateProjects (20090620201615)
  [4;36;1mSQL (0.7ms)[0m   [0;1m SELECT name
 FROM sqlite_master
 WHERE type = 'table' AND NOT name = 'sqlite_sequence'
[0m
  [4;35;1mSQL (0.2ms)[0m   [0mSELECT version FROM schema_migrations[0m
Migrating to CreateValues (20090620201454)
Migrating to CreateProjects (20090620201615)
  [4;36;1mSQL (0.1ms)[0m   [0;1mselect sqlite_version(*)[0m
  [4;35;1mSQL (0.5ms)[0m   [0mCREATE TABLE "projects" ("id" INTEGER PRIMARY KEY AUTOINCREMENT NOT NULL, "pitch" varchar(255), "goal" varchar(255), "budget" integer, "created_at" datetime, "updated_at" datetime) [0m
  [4;36;1mSQL (0.2ms)[0m   [0;1mINSERT INTO schema_migrations (version) VALUES ('20090620201615')[0m
  [4;35;1mSQL (0.4ms)[0m   [0m SELECT name
 FROM sqlite_master
 WHERE type = 'table' AND NOT name = 'sqlite_sequence'
[0m
  [4;36;1mSQL (0.2ms)[0m   [0;1mSELECT version FROM schema_migrations[0m
  [4;35;1mSQL (0.3ms)[0m   [0m SELECT name
 FROM sqlite_master
 WHERE type = 'table' AND NOT name = 'sqlite_sequence'
[0m
  [4;36;1mSQL (0.1ms)[0m   [0;1mPRAGMA index_list("projects")[0m
  [4;35;1mSQL (0.1ms)[0m   [0mPRAGMA index_list("values")[0m


Processing ApplicationController#index (for 127.0.0.1 at 2009-06-20 21:20:02) [GET]

NameError (uninitialized constant ProjectsController):
  

Rendered rescues/_trace (32.4ms)
Rendered rescues/_request_and_response (1.4ms)
Rendering rescues/layout (internal_server_error)


Processing ProjectsController#index (for 127.0.0.1 at 2009-06-20 21:21:26) [GET]

ActionView::MissingTemplate (Missing template projects/index.erb in view path app/views):
  

Rendering rescues/layout (internal_server_error)


Processing ProjectsController#index (for 127.0.0.1 at 2009-06-20 21:22:22) [GET]
Rendering template within layouts/application
Rendering projects/index
Completed in 8ms (View: 7, DB: 0) | 200 OK [http://localhost/projects]


Processing ProjectsController#index (for 127.0.0.1 at 2009-06-20 21:22:27) [GET]
Rendering template within layouts/application
Rendering projects/index
Completed in 5ms (View: 4, DB: 0) | 200 OK [http://localhost/projects]


Processing ProjectsController#index (for 127.0.0.1 at 2009-06-20 21:23:27) [GET]
Rendering template within layouts/application
Rendering projects/index
ERROR: compiling _run_erb_app47views47layouts47application46html46erb RAISED compile error
/Users/matt/projects/sicamp/code/rails-site/app/views/layouts/application.html.erb:3: syntax error, unexpected '=', expecting kEND
@output_buffer.concat "    ";  = yield ; @output_buffer.concat "\n"
                                ^
Function body:           def _run_erb_app47views47layouts47application46html46erb(local_assigns)
            old_output_buffer = output_buffer;;@output_buffer = '';  __in_erb_template=true ; @output_buffer.concat "<html>\n"
@output_buffer.concat "  <body>\n"
@output_buffer.concat "    ";  = yield ; @output_buffer.concat "\n"
@output_buffer.concat "  </body>\n"
@output_buffer.concat "</html>"; @output_buffer
          ensure
            self.output_buffer = old_output_buffer
          end
Backtrace: /Users/matt/projects/sicamp/code/rails-site/app/views/layouts/application.html.erb:8:in `compile!'
/Library/Ruby/Gems/1.8/gems/actionpack-2.3.2/lib/action_view/renderable.rb:61:in `compile'
/Library/Ruby/Gems/1.8/gems/actionpack-2.3.2/lib/action_view/renderable.rb:28:in `render'
/Library/Ruby/Gems/1.8/gems/actionpack-2.3.2/lib/action_view/template.rb:194:in `render_template'
/Library/Ruby/Gems/1.8/gems/actionpack-2.3.2/lib/action_view/base.rb:260:in `render'
/Library/Ruby/Gems/1.8/gems/actionpack-2.3.2/lib/action_view/base.rb:347:in `_render_with_layout'
/Library/Ruby/Gems/1.8/gems/actionpack-2.3.2/lib/action_view/base.rb:257:in `render'
/Library/Ruby/Gems/1.8/gems/actionpack-2.3.2/lib/action_controller/base.rb:1241:in `render_for_file'
/Library/Ruby/Gems/1.8/gems/actionpack-2.3.2/lib/action_controller/base.rb:937:in `render_without_benchmark'
/Library/Ruby/Gems/1.8/gems/actionpack-2.3.2/lib/action_controller/benchmarking.rb:51:in `render'
/Library/Ruby/Gems/1.8/gems/activesupport-2.3.2/lib/active_support/core_ext/benchmark.rb:17:in `ms'
/Library/Ruby/Gems/1.8/gems/activesupport-2.3.2/lib/active_support/core_ext/benchmark.rb:10:in `realtime'
/Library/Ruby/Gems/1.8/gems/activesupport-2.3.2/lib/active_support/core_ext/benchmark.rb:17:in `ms'
/Library/Ruby/Gems/1.8/gems/actionpack-2.3.2/lib/action_controller/benchmarking.rb:51:in `render'
/Library/Ruby/Gems/1.8/gems/actionpack-2.3.2/lib/action_controller/base.rb:1317:in `default_render'
/Library/Ruby/Gems/1.8/gems/actionpack-2.3.2/lib/action_controller/base.rb:1323:in `perform_action_without_filters'
/Library/Ruby/Gems/1.8/gems/actionpack-2.3.2/lib/action_controller/filters.rb:617:in `call_filters'
/Library/Ruby/Gems/1.8/gems/actionpack-2.3.2/lib/action_controller/filters.rb:610:in `perform_action_without_benchmark'
/Library/Ruby/Gems/1.8/gems/actionpack-2.3.2/lib/action_controller/benchmarking.rb:68:in `perform_action_without_rescue'
/Library/Ruby/Gems/1.8/gems/activesupport-2.3.2/lib/active_support/core_ext/benchmark.rb:17:in `ms'
/Library/Ruby/Gems/1.8/gems/activesupport-2.3.2/lib/active_support/core_ext/benchmark.rb:10:in `realtime'
/Library/Ruby/Gems/1.8/gems/activesupport-2.3.2/lib/active_support/core_ext/benchmark.rb:17:in `ms'
/Library/Ruby/Gems/1.8/gems/actionpack-2.3.2/lib/action_controller/benchmarking.rb:68:in `perform_action_without_rescue'
/Library/Ruby/Gems/1.8/gems/actionpack-2.3.2/lib/action_controller/rescue.rb:160:in `perform_action_without_flash'
/Library/Ruby/Gems/1.8/gems/actionpack-2.3.2/lib/action_controller/flash.rb:141:in `perform_action'
/Library/Ruby/Gems/1.8/gems/actionpack-2.3.2/lib/action_controller/base.rb:523:in `send'
/Library/Ruby/Gems/1.8/gems/actionpack-2.3.2/lib/action_controller/base.rb:523:in `process_without_filters'
/Library/Ruby/Gems/1.8/gems/actionpack-2.3.2/lib/action_controller/filters.rb:606:in `process'
/Library/Ruby/Gems/1.8/gems/actionpack-2.3.2/lib/action_controller/base.rb:391:in `process'
/Library/Ruby/Gems/1.8/gems/actionpack-2.3.2/lib/action_controller/base.rb:386:in `call'
/Library/Ruby/Gems/1.8/gems/actionpack-2.3.2/lib/action_controller/routing/route_set.rb:433:in `call'
/Library/Ruby/Gems/1.8/gems/actionpack-2.3.2/lib/action_controller/dispatcher.rb:88:in `dispatch'
/Library/Ruby/Gems/1.8/gems/actionpack-2.3.2/lib/action_controller/dispatcher.rb:111:in `_call'
/Library/Ruby/Gems/1.8/gems/actionpack-2.3.2/lib/action_controller/dispatcher.rb:82:in `initialize'
/Library/Ruby/Gems/1.8/gems/activerecord-2.3.2/lib/active_record/query_cache.rb:29:in `call'
/Library/Ruby/Gems/1.8/gems/activerecord-2.3.2/lib/active_record/query_cache.rb:29:in `call'
/Library/Ruby/Gems/1.8/gems/activerecord-2.3.2/lib/active_record/connection_adapters/abstract/query_cache.rb:34:in `cache'
/Library/Ruby/Gems/1.8/gems/activerecord-2.3.2/lib/active_record/query_cache.rb:9:in `cache'
/Library/Ruby/Gems/1.8/gems/activerecord-2.3.2/lib/active_record/query_cache.rb:28:in `call'
/Library/Ruby/Gems/1.8/gems/activerecord-2.3.2/lib/active_record/connection_adapters/abstract/connection_pool.rb:361:in `call'
/Library/Ruby/Gems/1.8/gems/rack-1.0.0/lib/rack/head.rb:9:in `call'
/Library/Ruby/Gems/1.8/gems/rack-1.0.0/lib/rack/methodoverride.rb:24:in `call'
/Library/Ruby/Gems/1.8/gems/actionpack-2.3.2/lib/action_controller/params_parser.rb:15:in `call'
/Library/Ruby/Gems/1.8/gems/actionpack-2.3.2/lib/action_controller/rewindable_input.rb:25:in `call'
/Library/Ruby/Gems/1.8/gems/actionpack-2.3.2/lib/action_controller/session/cookie_store.rb:93:in `call'
/Library/Ruby/Gems/1.8/gems/actionpack-2.3.2/lib/action_controller/reloader.rb:9:in `call'
/Library/Ruby/Gems/1.8/gems/actionpack-2.3.2/lib/action_controller/failsafe.rb:11:in `call'
/Library/Ruby/Gems/1.8/gems/rack-1.0.0/lib/rack/lock.rb:11:in `call'
/Library/Ruby/Gems/1.8/gems/rack-1.0.0/lib/rack/lock.rb:11:in `synchronize'
/Library/Ruby/Gems/1.8/gems/rack-1.0.0/lib/rack/lock.rb:11:in `call'
/Library/Ruby/Gems/1.8/gems/actionpack-2.3.2/lib/action_controller/dispatcher.rb:106:in `call'
/Library/Ruby/Gems/1.8/gems/rails-2.3.2/lib/rails/rack/static.rb:31:in `call'
/Library/Ruby/Gems/1.8/gems/rack-1.0.0/lib/rack/urlmap.rb:46:in `call'
/Library/Ruby/Gems/1.8/gems/rack-1.0.0/lib/rack/urlmap.rb:40:in `each'
/Library/Ruby/Gems/1.8/gems/rack-1.0.0/lib/rack/urlmap.rb:40:in `call'
/Library/Ruby/Gems/1.8/gems/rails-2.3.2/lib/rails/rack/log_tailer.rb:17:in `call'
/Library/Ruby/Gems/1.8/gems/rack-1.0.0/lib/rack/content_length.rb:13:in `call'
/Library/Ruby/Gems/1.8/gems/rack-1.0.0/lib/rack/chunked.rb:15:in `call'
/Library/Ruby/Gems/1.8/gems/rack-1.0.0/lib/rack/handler/mongrel.rb:61:in `process'
/System/Library/Frameworks/Ruby.framework/Versions/1.8/usr/lib/ruby/gems/1.8/gems/mongrel-1.1.4/lib/mongrel.rb:159:in `process_client'
/System/Library/Frameworks/Ruby.framework/Versions/1.8/usr/lib/ruby/gems/1.8/gems/mongrel-1.1.4/lib/mongrel.rb:158:in `each'
/System/Library/Frameworks/Ruby.framework/Versions/1.8/usr/lib/ruby/gems/1.8/gems/mongrel-1.1.4/lib/mongrel.rb:158:in `process_client'
/System/Library/Frameworks/Ruby.framework/Versions/1.8/usr/lib/ruby/gems/1.8/gems/mongrel-1.1.4/lib/mongrel.rb:285:in `run'
/System/Library/Frameworks/Ruby.framework/Versions/1.8/usr/lib/ruby/gems/1.8/gems/mongrel-1.1.4/lib/mongrel.rb:285:in `initialize'
/System/Library/Frameworks/Ruby.framework/Versions/1.8/usr/lib/ruby/gems/1.8/gems/mongrel-1.1.4/lib/mongrel.rb:285:in `new'
/System/Library/Frameworks/Ruby.framework/Versions/1.8/usr/lib/ruby/gems/1.8/gems/mongrel-1.1.4/lib/mongrel.rb:285:in `run'
/System/Library/Frameworks/Ruby.framework/Versions/1.8/usr/lib/ruby/gems/1.8/gems/mongrel-1.1.4/lib/mongrel.rb:268:in `initialize'
/System/Library/Frameworks/Ruby.framework/Versions/1.8/usr/lib/ruby/gems/1.8/gems/mongrel-1.1.4/lib/mongrel.rb:268:in `new'
/System/Library/Frameworks/Ruby.framework/Versions/1.8/usr/lib/ruby/gems/1.8/gems/mongrel-1.1.4/lib/mongrel.rb:268:in `run'
/Library/Ruby/Gems/1.8/gems/rack-1.0.0/lib/rack/handler/mongrel.rb:34:in `run'
/Library/Ruby/Gems/1.8/gems/rails-2.3.2/lib/commands/server.rb:111
/Library/Ruby/Site/1.8/rubygems/custom_require.rb:31:in `gem_original_require'
/Library/Ruby/Site/1.8/rubygems/custom_require.rb:31:in `require'
script/server:3

ActionView::TemplateError (compile error
/Users/matt/projects/sicamp/code/rails-site/app/views/layouts/application.html.erb:3: syntax error, unexpected '=', expecting kEND
@output_buffer.concat "    ";  = yield ; @output_buffer.concat "\n"
                                ^) on line #3 of app/views/layouts/application.html.erb:
1: <html>
2:   <body>
3:     <% = yield %>
4:   </body>
5: </html>

    app/views/layouts/application.html.erb:8:in `compile!'

Rendered rescues/_trace (94.4ms)
Rendered rescues/_request_and_response (0.2ms)
Rendering rescues/layout (internal_server_error)


Processing ProjectsController#index (for 127.0.0.1 at 2009-06-20 21:23:34) [GET]
Rendering template within layouts/application
Rendering projects/index
Completed in 4ms (View: 3, DB: 0) | 200 OK [http://localhost/projects]


Processing ProjectsController#index (for 127.0.0.1 at 2009-06-20 21:24:02) [GET]
Rendering template within layouts/application
Rendering projects/index
Completed in 5ms (View: 3, DB: 0) | 200 OK [http://localhost/projects]


Processing ProjectsController#index (for 127.0.0.1 at 2009-06-20 21:24:09) [GET]
Rendering template within layouts/application
Rendering projects/index
Completed in 4ms (View: 3, DB: 0) | 200 OK [http://localhost/projects]


Processing ProjectsController#index (for 127.0.0.1 at 2009-06-20 21:24:24) [GET]
Rendering template within layouts/application
Rendering projects/index
Completed in 6ms (View: 4, DB: 0) | 200 OK [http://localhost/projects]


Processing ProjectsController#index (for 127.0.0.1 at 2009-06-20 21:25:52) [GET]
Rendering template within layouts/application
Rendering projects/index
Completed in 5ms (View: 4, DB: 0) | 200 OK [http://localhost/projects]


Processing ProjectsController#index (for 127.0.0.1 at 2009-06-20 21:25:58) [GET]
Rendering template within layouts/application
Rendering projects/index
Completed in 4ms (View: 3, DB: 0) | 200 OK [http://localhost/projects]


Processing ProjectsController#index (for 127.0.0.1 at 2009-06-20 21:26:04) [GET]
Rendering template within layouts/application
Rendering projects/index
Completed in 7ms (View: 5, DB: 0) | 200 OK [http://localhost/projects]


Processing ProjectsController#index (for 127.0.0.1 at 2009-06-20 21:26:07) [GET]
Rendering template within layouts/application
Rendering projects/index
Completed in 63ms (View: 61, DB: 0) | 200 OK [http://localhost/projects]


Processing ProjectsController#index (for 127.0.0.1 at 2009-06-20 21:26:11) [GET]
Rendering template within layouts/application
Rendering projects/index
Completed in 5ms (View: 3, DB: 0) | 200 OK [http://localhost/projects]


Processing ProjectsController#index (for 127.0.0.1 at 2009-06-20 21:26:23) [GET]
Rendering template within layouts/application
Rendering projects/index
Completed in 6ms (View: 4, DB: 0) | 200 OK [http://localhost/projects]


Processing ProjectsController#index (for 127.0.0.1 at 2009-06-20 21:26:32) [GET]
Rendering template within layouts/application
Rendering projects/index
Completed in 4ms (View: 3, DB: 0) | 200 OK [http://localhost/projects]


Processing ProjectsController#index (for 127.0.0.1 at 2009-06-20 21:26:40) [GET]
Rendering template within layouts/application
Rendering projects/index
Completed in 5ms (View: 3, DB: 0) | 200 OK [http://localhost/projects]


Processing ProjectsController#index (for 127.0.0.1 at 2009-06-20 21:26:43) [GET]
Rendering template within layouts/application
Rendering projects/index
Completed in 4ms (View: 3, DB: 0) | 200 OK [http://localhost/projects]


Processing ProjectsController#index (for 127.0.0.1 at 2009-06-20 21:26:50) [GET]
Rendering template within layouts/application
Rendering projects/index
Completed in 6ms (View: 4, DB: 0) | 200 OK [http://localhost/projects]


Processing ProjectsController#index (for 127.0.0.1 at 2009-06-20 21:29:46) [GET]
Rendering template within layouts/application
Rendering projects/index
ERROR: compiling _run_erb_app47views47projects47index46html46erb RAISED compile error
/Users/matt/projects/sicamp/code/rails-site/app/views/projects/index.html.erb:3: syntax error, unexpected kENSURE, expecting kEND
/Users/matt/projects/sicamp/code/rails-site/app/views/projects/index.html.erb:5: syntax error, unexpected $end, expecting kEND
Function body:           def _run_erb_app47views47projects47index46html46erb(local_assigns)
            old_output_buffer = output_buffer;;@output_buffer = '';  __in_erb_template=true ;  projects.each do ; @output_buffer.concat "\n"
 ; @output_buffer
          ensure
            self.output_buffer = old_output_buffer
          end
Backtrace: /Users/matt/projects/sicamp/code/rails-site/app/views/projects/index.html.erb:5:in `compile!'
/Library/Ruby/Gems/1.8/gems/actionpack-2.3.2/lib/action_view/renderable.rb:61:in `compile'
/Library/Ruby/Gems/1.8/gems/actionpack-2.3.2/lib/action_view/renderable.rb:28:in `render'
/Library/Ruby/Gems/1.8/gems/actionpack-2.3.2/lib/action_view/template.rb:194:in `render_template'
/Library/Ruby/Gems/1.8/gems/actionpack-2.3.2/lib/action_view/base.rb:260:in `render'
/Library/Ruby/Gems/1.8/gems/actionpack-2.3.2/lib/action_view/base.rb:343:in `_render_with_layout'
/Library/Ruby/Gems/1.8/gems/actionpack-2.3.2/lib/action_view/base.rb:257:in `render'
/Library/Ruby/Gems/1.8/gems/actionpack-2.3.2/lib/action_controller/base.rb:1241:in `render_for_file'
/Library/Ruby/Gems/1.8/gems/actionpack-2.3.2/lib/action_controller/base.rb:937:in `render_without_benchmark'
/Library/Ruby/Gems/1.8/gems/actionpack-2.3.2/lib/action_controller/benchmarking.rb:51:in `render'
/Library/Ruby/Gems/1.8/gems/activesupport-2.3.2/lib/active_support/core_ext/benchmark.rb:17:in `ms'
/Library/Ruby/Gems/1.8/gems/activesupport-2.3.2/lib/active_support/core_ext/benchmark.rb:10:in `realtime'
/Library/Ruby/Gems/1.8/gems/activesupport-2.3.2/lib/active_support/core_ext/benchmark.rb:17:in `ms'
/Library/Ruby/Gems/1.8/gems/actionpack-2.3.2/lib/action_controller/benchmarking.rb:51:in `render'
/Library/Ruby/Gems/1.8/gems/actionpack-2.3.2/lib/action_controller/base.rb:1317:in `default_render'
/Library/Ruby/Gems/1.8/gems/actionpack-2.3.2/lib/action_controller/base.rb:1323:in `perform_action_without_filters'
/Library/Ruby/Gems/1.8/gems/actionpack-2.3.2/lib/action_controller/filters.rb:617:in `call_filters'
/Library/Ruby/Gems/1.8/gems/actionpack-2.3.2/lib/action_controller/filters.rb:610:in `perform_action_without_benchmark'
/Library/Ruby/Gems/1.8/gems/actionpack-2.3.2/lib/action_controller/benchmarking.rb:68:in `perform_action_without_rescue'
/Library/Ruby/Gems/1.8/gems/activesupport-2.3.2/lib/active_support/core_ext/benchmark.rb:17:in `ms'
/Library/Ruby/Gems/1.8/gems/activesupport-2.3.2/lib/active_support/core_ext/benchmark.rb:10:in `realtime'
/Library/Ruby/Gems/1.8/gems/activesupport-2.3.2/lib/active_support/core_ext/benchmark.rb:17:in `ms'
/Library/Ruby/Gems/1.8/gems/actionpack-2.3.2/lib/action_controller/benchmarking.rb:68:in `perform_action_without_rescue'
/Library/Ruby/Gems/1.8/gems/actionpack-2.3.2/lib/action_controller/rescue.rb:160:in `perform_action_without_flash'
/Library/Ruby/Gems/1.8/gems/actionpack-2.3.2/lib/action_controller/flash.rb:141:in `perform_action'
/Library/Ruby/Gems/1.8/gems/actionpack-2.3.2/lib/action_controller/base.rb:523:in `send'
/Library/Ruby/Gems/1.8/gems/actionpack-2.3.2/lib/action_controller/base.rb:523:in `process_without_filters'
/Library/Ruby/Gems/1.8/gems/actionpack-2.3.2/lib/action_controller/filters.rb:606:in `process'
/Library/Ruby/Gems/1.8/gems/actionpack-2.3.2/lib/action_controller/base.rb:391:in `process'
/Library/Ruby/Gems/1.8/gems/actionpack-2.3.2/lib/action_controller/base.rb:386:in `call'
/Library/Ruby/Gems/1.8/gems/actionpack-2.3.2/lib/action_controller/routing/route_set.rb:433:in `call'
/Library/Ruby/Gems/1.8/gems/actionpack-2.3.2/lib/action_controller/dispatcher.rb:88:in `dispatch'
/Library/Ruby/Gems/1.8/gems/actionpack-2.3.2/lib/action_controller/dispatcher.rb:111:in `_call'
/Library/Ruby/Gems/1.8/gems/actionpack-2.3.2/lib/action_controller/dispatcher.rb:82:in `initialize'
/Library/Ruby/Gems/1.8/gems/activerecord-2.3.2/lib/active_record/query_cache.rb:29:in `call'
/Library/Ruby/Gems/1.8/gems/activerecord-2.3.2/lib/active_record/query_cache.rb:29:in `call'
/Library/Ruby/Gems/1.8/gems/activerecord-2.3.2/lib/active_record/connection_adapters/abstract/query_cache.rb:34:in `cache'
/Library/Ruby/Gems/1.8/gems/activerecord-2.3.2/lib/active_record/query_cache.rb:9:in `cache'
/Library/Ruby/Gems/1.8/gems/activerecord-2.3.2/lib/active_record/query_cache.rb:28:in `call'
/Library/Ruby/Gems/1.8/gems/activerecord-2.3.2/lib/active_record/connection_adapters/abstract/connection_pool.rb:361:in `call'
/Library/Ruby/Gems/1.8/gems/rack-1.0.0/lib/rack/head.rb:9:in `call'
/Library/Ruby/Gems/1.8/gems/rack-1.0.0/lib/rack/methodoverride.rb:24:in `call'
/Library/Ruby/Gems/1.8/gems/actionpack-2.3.2/lib/action_controller/params_parser.rb:15:in `call'
/Library/Ruby/Gems/1.8/gems/actionpack-2.3.2/lib/action_controller/rewindable_input.rb:25:in `call'
/Library/Ruby/Gems/1.8/gems/actionpack-2.3.2/lib/action_controller/session/cookie_store.rb:93:in `call'
/Library/Ruby/Gems/1.8/gems/actionpack-2.3.2/lib/action_controller/reloader.rb:9:in `call'
/Library/Ruby/Gems/1.8/gems/actionpack-2.3.2/lib/action_controller/failsafe.rb:11:in `call'
/Library/Ruby/Gems/1.8/gems/rack-1.0.0/lib/rack/lock.rb:11:in `call'
/Library/Ruby/Gems/1.8/gems/rack-1.0.0/lib/rack/lock.rb:11:in `synchronize'
/Library/Ruby/Gems/1.8/gems/rack-1.0.0/lib/rack/lock.rb:11:in `call'
/Library/Ruby/Gems/1.8/gems/actionpack-2.3.2/lib/action_controller/dispatcher.rb:106:in `call'
/Library/Ruby/Gems/1.8/gems/rails-2.3.2/lib/rails/rack/static.rb:31:in `call'
/Library/Ruby/Gems/1.8/gems/rack-1.0.0/lib/rack/urlmap.rb:46:in `call'
/Library/Ruby/Gems/1.8/gems/rack-1.0.0/lib/rack/urlmap.rb:40:in `each'
/Library/Ruby/Gems/1.8/gems/rack-1.0.0/lib/rack/urlmap.rb:40:in `call'
/Library/Ruby/Gems/1.8/gems/rails-2.3.2/lib/rails/rack/log_tailer.rb:17:in `call'
/Library/Ruby/Gems/1.8/gems/rack-1.0.0/lib/rack/content_length.rb:13:in `call'
/Library/Ruby/Gems/1.8/gems/rack-1.0.0/lib/rack/chunked.rb:15:in `call'
/Library/Ruby/Gems/1.8/gems/rack-1.0.0/lib/rack/handler/mongrel.rb:61:in `process'
/System/Library/Frameworks/Ruby.framework/Versions/1.8/usr/lib/ruby/gems/1.8/gems/mongrel-1.1.4/lib/mongrel.rb:159:in `process_client'
/System/Library/Frameworks/Ruby.framework/Versions/1.8/usr/lib/ruby/gems/1.8/gems/mongrel-1.1.4/lib/mongrel.rb:158:in `each'
/System/Library/Frameworks/Ruby.framework/Versions/1.8/usr/lib/ruby/gems/1.8/gems/mongrel-1.1.4/lib/mongrel.rb:158:in `process_client'
/System/Library/Frameworks/Ruby.framework/Versions/1.8/usr/lib/ruby/gems/1.8/gems/mongrel-1.1.4/lib/mongrel.rb:285:in `run'
/System/Library/Frameworks/Ruby.framework/Versions/1.8/usr/lib/ruby/gems/1.8/gems/mongrel-1.1.4/lib/mongrel.rb:285:in `initialize'
/System/Library/Frameworks/Ruby.framework/Versions/1.8/usr/lib/ruby/gems/1.8/gems/mongrel-1.1.4/lib/mongrel.rb:285:in `new'
/System/Library/Frameworks/Ruby.framework/Versions/1.8/usr/lib/ruby/gems/1.8/gems/mongrel-1.1.4/lib/mongrel.rb:285:in `run'
/System/Library/Frameworks/Ruby.framework/Versions/1.8/usr/lib/ruby/gems/1.8/gems/mongrel-1.1.4/lib/mongrel.rb:268:in `initialize'
/System/Library/Frameworks/Ruby.framework/Versions/1.8/usr/lib/ruby/gems/1.8/gems/mongrel-1.1.4/lib/mongrel.rb:268:in `new'
/System/Library/Frameworks/Ruby.framework/Versions/1.8/usr/lib/ruby/gems/1.8/gems/mongrel-1.1.4/lib/mongrel.rb:268:in `run'
/Library/Ruby/Gems/1.8/gems/rack-1.0.0/lib/rack/handler/mongrel.rb:34:in `run'
/Library/Ruby/Gems/1.8/gems/rails-2.3.2/lib/commands/server.rb:111
/Library/Ruby/Site/1.8/rubygems/custom_require.rb:31:in `gem_original_require'
/Library/Ruby/Site/1.8/rubygems/custom_require.rb:31:in `require'
script/server:3

ActionView::TemplateError (compile error
/Users/matt/projects/sicamp/code/rails-site/app/views/projects/index.html.erb:3: syntax error, unexpected kENSURE, expecting kEND
/Users/matt/projects/sicamp/code/rails-site/app/views/projects/index.html.erb:5: syntax error, unexpected $end, expecting kEND) on line #3 of app/views/projects/index.html.erb:
1: <% projects.each do %>
2: <% %>

    app/views/projects/index.html.erb:5:in `compile!'

Rendered rescues/_trace (40.9ms)
Rendered rescues/_request_and_response (0.3ms)
Rendering rescues/layout (internal_server_error)


Processing ProjectsController#index (for 127.0.0.1 at 2009-06-20 21:30:14) [GET]
Rendering template within layouts/application
Rendering projects/index

ActionView::TemplateError (undefined local variable or method `projects' for #<ActionView::Base:0x23712dc>) on line #1 of app/views/projects/index.html.erb:
1: <% projects.each do %>
2:   <%= render :partial, :projects %>
3: <% end %>

    app/views/projects/index.html.erb:1

Rendered rescues/_trace (96.8ms)
Rendered rescues/_request_and_response (0.3ms)
Rendering rescues/layout (internal_server_error)
/!\ FAILSAFE /!\  Sat Jun 20 21:30:38 +0100 2009
  Status: 500 Internal Server Error
  Expected /Users/matt/projects/sicamp/code/rails-site/app/helpers/projects_helper.rb to define ProjectsHelper
    /Library/Ruby/Gems/1.8/gems/activesupport-2.3.2/lib/active_support/dependencies.rb:426:in `load_missing_constant'
    /Library/Ruby/Gems/1.8/gems/activesupport-2.3.2/lib/active_support/dependencies.rb:80:in `const_missing'
    /Library/Ruby/Gems/1.8/gems/activesupport-2.3.2/lib/active_support/dependencies.rb:92:in `const_missing'
    /Library/Ruby/Gems/1.8/gems/activesupport-2.3.2/lib/active_support/inflector.rb:361:in `constantize'
    /Library/Ruby/Gems/1.8/gems/activesupport-2.3.2/lib/active_support/inflector.rb:360:in `each'
    /Library/Ruby/Gems/1.8/gems/activesupport-2.3.2/lib/active_support/inflector.rb:360:in `constantize'
    /Library/Ruby/Gems/1.8/gems/activesupport-2.3.2/lib/active_support/core_ext/string/inflections.rb:162:in `constantize'
    /Library/Ruby/Gems/1.8/gems/actionpack-2.3.2/lib/action_controller/helpers.rb:137:in `helper'
    /Library/Ruby/Gems/1.8/gems/actionpack-2.3.2/lib/action_controller/helpers.rb:115:in `each'
    /Library/Ruby/Gems/1.8/gems/actionpack-2.3.2/lib/action_controller/helpers.rb:115:in `helper'
    /Library/Ruby/Gems/1.8/gems/actionpack-2.3.2/lib/action_controller/helpers.rb:120:in `helper'
    /Library/Ruby/Gems/1.8/gems/actionpack-2.3.2/lib/action_controller/helpers.rb:115:in `each'
    /Library/Ruby/Gems/1.8/gems/actionpack-2.3.2/lib/action_controller/helpers.rb:115:in `helper'
    /Users/matt/projects/sicamp/code/rails-site/app/controllers/application_controller.rb:5
    /Library/Ruby/Gems/1.8/gems/activesupport-2.3.2/lib/active_support/dependencies.rb:380:in `load_without_new_constant_marking'
    /Library/Ruby/Gems/1.8/gems/activesupport-2.3.2/lib/active_support/dependencies.rb:380:in `load_file'
    /Library/Ruby/Gems/1.8/gems/activesupport-2.3.2/lib/active_support/dependencies.rb:521:in `new_constants_in'
    /Library/Ruby/Gems/1.8/gems/activesupport-2.3.2/lib/active_support/dependencies.rb:379:in `load_file'
    /Library/Ruby/Gems/1.8/gems/activesupport-2.3.2/lib/active_support/dependencies.rb:259:in `require_or_load'
    /Library/Ruby/Gems/1.8/gems/activesupport-2.3.2/lib/active_support/dependencies.rb:425:in `load_missing_constant'
    /Library/Ruby/Gems/1.8/gems/activesupport-2.3.2/lib/active_support/dependencies.rb:80:in `const_missing'
    /Library/Ruby/Gems/1.8/gems/activesupport-2.3.2/lib/active_support/dependencies.rb:92:in `const_missing'
    /Library/Ruby/Gems/1.8/gems/actionpack-2.3.2/lib/action_controller/dispatcher.rb:90:in `dispatch'
    /Library/Ruby/Gems/1.8/gems/actionpack-2.3.2/lib/action_controller/dispatcher.rb:111:in `_call'
    /Library/Ruby/Gems/1.8/gems/actionpack-2.3.2/lib/action_controller/dispatcher.rb:82:in `initialize'
    /Library/Ruby/Gems/1.8/gems/activerecord-2.3.2/lib/active_record/query_cache.rb:29:in `call'
    /Library/Ruby/Gems/1.8/gems/activerecord-2.3.2/lib/active_record/query_cache.rb:29:in `call'
    /Library/Ruby/Gems/1.8/gems/activerecord-2.3.2/lib/active_record/connection_adapters/abstract/query_cache.rb:34:in `cache'
    /Library/Ruby/Gems/1.8/gems/activerecord-2.3.2/lib/active_record/query_cache.rb:9:in `cache'
    /Library/Ruby/Gems/1.8/gems/activerecord-2.3.2/lib/active_record/query_cache.rb:28:in `call'
    /Library/Ruby/Gems/1.8/gems/activerecord-2.3.2/lib/active_record/connection_adapters/abstract/connection_pool.rb:361:in `call'
    /Library/Ruby/Gems/1.8/gems/rack-1.0.0/lib/rack/head.rb:9:in `call'
    /Library/Ruby/Gems/1.8/gems/rack-1.0.0/lib/rack/methodoverride.rb:24:in `call'
    /Library/Ruby/Gems/1.8/gems/actionpack-2.3.2/lib/action_controller/params_parser.rb:15:in `call'
    /Library/Ruby/Gems/1.8/gems/actionpack-2.3.2/lib/action_controller/rewindable_input.rb:25:in `call'
    /Library/Ruby/Gems/1.8/gems/actionpack-2.3.2/lib/action_controller/session/cookie_store.rb:93:in `call'
    /Library/Ruby/Gems/1.8/gems/actionpack-2.3.2/lib/action_controller/reloader.rb:9:in `call'
    /Library/Ruby/Gems/1.8/gems/actionpack-2.3.2/lib/action_controller/failsafe.rb:11:in `call'
    /Library/Ruby/Gems/1.8/gems/rack-1.0.0/lib/rack/lock.rb:11:in `call'
    /Library/Ruby/Gems/1.8/gems/rack-1.0.0/lib/rack/lock.rb:11:in `synchronize'
    /Library/Ruby/Gems/1.8/gems/rack-1.0.0/lib/rack/lock.rb:11:in `call'
    /Library/Ruby/Gems/1.8/gems/actionpack-2.3.2/lib/action_controller/dispatcher.rb:106:in `call'
    /Library/Ruby/Gems/1.8/gems/rails-2.3.2/lib/rails/rack/static.rb:31:in `call'
    /Library/Ruby/Gems/1.8/gems/rack-1.0.0/lib/rack/urlmap.rb:46:in `call'
    /Library/Ruby/Gems/1.8/gems/rack-1.0.0/lib/rack/urlmap.rb:40:in `each'
    /Library/Ruby/Gems/1.8/gems/rack-1.0.0/lib/rack/urlmap.rb:40:in `call'
    /Library/Ruby/Gems/1.8/gems/rails-2.3.2/lib/rails/rack/log_tailer.rb:17:in `call'
    /Library/Ruby/Gems/1.8/gems/rack-1.0.0/lib/rack/content_length.rb:13:in `call'
    /Library/Ruby/Gems/1.8/gems/rack-1.0.0/lib/rack/chunked.rb:15:in `call'
    /Library/Ruby/Gems/1.8/gems/rack-1.0.0/lib/rack/handler/mongrel.rb:61:in `process'
    /System/Library/Frameworks/Ruby.framework/Versions/1.8/usr/lib/ruby/gems/1.8/gems/mongrel-1.1.4/lib/mongrel.rb:159:in `process_client'
    /System/Library/Frameworks/Ruby.framework/Versions/1.8/usr/lib/ruby/gems/1.8/gems/mongrel-1.1.4/lib/mongrel.rb:158:in `each'
    /System/Library/Frameworks/Ruby.framework/Versions/1.8/usr/lib/ruby/gems/1.8/gems/mongrel-1.1.4/lib/mongrel.rb:158:in `process_client'
    /System/Library/Frameworks/Ruby.framework/Versions/1.8/usr/lib/ruby/gems/1.8/gems/mongrel-1.1.4/lib/mongrel.rb:285:in `run'
    /System/Library/Frameworks/Ruby.framework/Versions/1.8/usr/lib/ruby/gems/1.8/gems/mongrel-1.1.4/lib/mongrel.rb:285:in `initialize'
    /System/Library/Frameworks/Ruby.framework/Versions/1.8/usr/lib/ruby/gems/1.8/gems/mongrel-1.1.4/lib/mongrel.rb:285:in `new'
    /System/Library/Frameworks/Ruby.framework/Versions/1.8/usr/lib/ruby/gems/1.8/gems/mongrel-1.1.4/lib/mongrel.rb:285:in `run'
    /System/Library/Frameworks/Ruby.framework/Versions/1.8/usr/lib/ruby/gems/1.8/gems/mongrel-1.1.4/lib/mongrel.rb:268:in `initialize'
    /System/Library/Frameworks/Ruby.framework/Versions/1.8/usr/lib/ruby/gems/1.8/gems/mongrel-1.1.4/lib/mongrel.rb:268:in `new'
    /System/Library/Frameworks/Ruby.framework/Versions/1.8/usr/lib/ruby/gems/1.8/gems/mongrel-1.1.4/lib/mongrel.rb:268:in `run'
    /Library/Ruby/Gems/1.8/gems/rack-1.0.0/lib/rack/handler/mongrel.rb:34:in `run'
    /Library/Ruby/Gems/1.8/gems/rails-2.3.2/lib/commands/server.rb:111
    /Library/Ruby/Site/1.8/rubygems/custom_require.rb:31:in `gem_original_require'
    /Library/Ruby/Site/1.8/rubygems/custom_require.rb:31:in `require'
    script/server:3
/!\ FAILSAFE /!\  Sat Jun 20 21:31:35 +0100 2009
  Status: 500 Internal Server Error
  Expected /Users/matt/projects/sicamp/code/rails-site/app/helpers/projects_helper.rb to define ProjectsHelper
    /Library/Ruby/Gems/1.8/gems/activesupport-2.3.2/lib/active_support/dependencies.rb:426:in `load_missing_constant'
    /Library/Ruby/Gems/1.8/gems/activesupport-2.3.2/lib/active_support/dependencies.rb:80:in `const_missing'
    /Library/Ruby/Gems/1.8/gems/activesupport-2.3.2/lib/active_support/dependencies.rb:92:in `const_missing'
    /Library/Ruby/Gems/1.8/gems/activesupport-2.3.2/lib/active_support/inflector.rb:361:in `constantize'
    /Library/Ruby/Gems/1.8/gems/activesupport-2.3.2/lib/active_support/inflector.rb:360:in `each'
    /Library/Ruby/Gems/1.8/gems/activesupport-2.3.2/lib/active_support/inflector.rb:360:in `constantize'
    /Library/Ruby/Gems/1.8/gems/activesupport-2.3.2/lib/active_support/core_ext/string/inflections.rb:162:in `constantize'
    /Library/Ruby/Gems/1.8/gems/actionpack-2.3.2/lib/action_controller/helpers.rb:137:in `helper'
    /Library/Ruby/Gems/1.8/gems/actionpack-2.3.2/lib/action_controller/helpers.rb:115:in `each'
    /Library/Ruby/Gems/1.8/gems/actionpack-2.3.2/lib/action_controller/helpers.rb:115:in `helper'
    /Library/Ruby/Gems/1.8/gems/actionpack-2.3.2/lib/action_controller/helpers.rb:120:in `helper'
    /Library/Ruby/Gems/1.8/gems/actionpack-2.3.2/lib/action_controller/helpers.rb:115:in `each'
    /Library/Ruby/Gems/1.8/gems/actionpack-2.3.2/lib/action_controller/helpers.rb:115:in `helper'
    /Users/matt/projects/sicamp/code/rails-site/app/controllers/application_controller.rb:5
    /Library/Ruby/Gems/1.8/gems/activesupport-2.3.2/lib/active_support/dependencies.rb:380:in `load_without_new_constant_marking'
    /Library/Ruby/Gems/1.8/gems/activesupport-2.3.2/lib/active_support/dependencies.rb:380:in `load_file'
    /Library/Ruby/Gems/1.8/gems/activesupport-2.3.2/lib/active_support/dependencies.rb:521:in `new_constants_in'
    /Library/Ruby/Gems/1.8/gems/activesupport-2.3.2/lib/active_support/dependencies.rb:379:in `load_file'
    /Library/Ruby/Gems/1.8/gems/activesupport-2.3.2/lib/active_support/dependencies.rb:259:in `require_or_load'
    /Library/Ruby/Gems/1.8/gems/activesupport-2.3.2/lib/active_support/dependencies.rb:425:in `load_missing_constant'
    /Library/Ruby/Gems/1.8/gems/activesupport-2.3.2/lib/active_support/dependencies.rb:80:in `const_missing'
    /Library/Ruby/Gems/1.8/gems/activesupport-2.3.2/lib/active_support/dependencies.rb:92:in `const_missing'
    /Library/Ruby/Gems/1.8/gems/actionpack-2.3.2/lib/action_controller/dispatcher.rb:90:in `dispatch'
    /Library/Ruby/Gems/1.8/gems/actionpack-2.3.2/lib/action_controller/dispatcher.rb:111:in `_call'
    /Library/Ruby/Gems/1.8/gems/actionpack-2.3.2/lib/action_controller/dispatcher.rb:82:in `initialize'
    /Library/Ruby/Gems/1.8/gems/activerecord-2.3.2/lib/active_record/query_cache.rb:29:in `call'
    /Library/Ruby/Gems/1.8/gems/activerecord-2.3.2/lib/active_record/query_cache.rb:29:in `call'
    /Library/Ruby/Gems/1.8/gems/activerecord-2.3.2/lib/active_record/connection_adapters/abstract/query_cache.rb:34:in `cache'
    /Library/Ruby/Gems/1.8/gems/activerecord-2.3.2/lib/active_record/query_cache.rb:9:in `cache'
    /Library/Ruby/Gems/1.8/gems/activerecord-2.3.2/lib/active_record/query_cache.rb:28:in `call'
    /Library/Ruby/Gems/1.8/gems/activerecord-2.3.2/lib/active_record/connection_adapters/abstract/connection_pool.rb:361:in `call'
    /Library/Ruby/Gems/1.8/gems/rack-1.0.0/lib/rack/head.rb:9:in `call'
    /Library/Ruby/Gems/1.8/gems/rack-1.0.0/lib/rack/methodoverride.rb:24:in `call'
    /Library/Ruby/Gems/1.8/gems/actionpack-2.3.2/lib/action_controller/params_parser.rb:15:in `call'
    /Library/Ruby/Gems/1.8/gems/actionpack-2.3.2/lib/action_controller/rewindable_input.rb:25:in `call'
    /Library/Ruby/Gems/1.8/gems/actionpack-2.3.2/lib/action_controller/session/cookie_store.rb:93:in `call'
    /Library/Ruby/Gems/1.8/gems/actionpack-2.3.2/lib/action_controller/reloader.rb:9:in `call'
    /Library/Ruby/Gems/1.8/gems/actionpack-2.3.2/lib/action_controller/failsafe.rb:11:in `call'
    /Library/Ruby/Gems/1.8/gems/rack-1.0.0/lib/rack/lock.rb:11:in `call'
    /Library/Ruby/Gems/1.8/gems/rack-1.0.0/lib/rack/lock.rb:11:in `synchronize'
    /Library/Ruby/Gems/1.8/gems/rack-1.0.0/lib/rack/lock.rb:11:in `call'
    /Library/Ruby/Gems/1.8/gems/actionpack-2.3.2/lib/action_controller/dispatcher.rb:106:in `call'
    /Library/Ruby/Gems/1.8/gems/rails-2.3.2/lib/rails/rack/static.rb:31:in `call'
    /Library/Ruby/Gems/1.8/gems/rack-1.0.0/lib/rack/urlmap.rb:46:in `call'
    /Library/Ruby/Gems/1.8/gems/rack-1.0.0/lib/rack/urlmap.rb:40:in `each'
    /Library/Ruby/Gems/1.8/gems/rack-1.0.0/lib/rack/urlmap.rb:40:in `call'
    /Library/Ruby/Gems/1.8/gems/rails-2.3.2/lib/rails/rack/log_tailer.rb:17:in `call'
    /Library/Ruby/Gems/1.8/gems/rack-1.0.0/lib/rack/content_length.rb:13:in `call'
    /Library/Ruby/Gems/1.8/gems/rack-1.0.0/lib/rack/chunked.rb:15:in `call'
    /Library/Ruby/Gems/1.8/gems/rack-1.0.0/lib/rack/handler/mongrel.rb:61:in `process'
    /System/Library/Frameworks/Ruby.framework/Versions/1.8/usr/lib/ruby/gems/1.8/gems/mongrel-1.1.4/lib/mongrel.rb:159:in `process_client'
    /System/Library/Frameworks/Ruby.framework/Versions/1.8/usr/lib/ruby/gems/1.8/gems/mongrel-1.1.4/lib/mongrel.rb:158:in `each'
    /System/Library/Frameworks/Ruby.framework/Versions/1.8/usr/lib/ruby/gems/1.8/gems/mongrel-1.1.4/lib/mongrel.rb:158:in `process_client'
    /System/Library/Frameworks/Ruby.framework/Versions/1.8/usr/lib/ruby/gems/1.8/gems/mongrel-1.1.4/lib/mongrel.rb:285:in `run'
    /System/Library/Frameworks/Ruby.framework/Versions/1.8/usr/lib/ruby/gems/1.8/gems/mongrel-1.1.4/lib/mongrel.rb:285:in `initialize'
    /System/Library/Frameworks/Ruby.framework/Versions/1.8/usr/lib/ruby/gems/1.8/gems/mongrel-1.1.4/lib/mongrel.rb:285:in `new'
    /System/Library/Frameworks/Ruby.framework/Versions/1.8/usr/lib/ruby/gems/1.8/gems/mongrel-1.1.4/lib/mongrel.rb:285:in `run'
    /System/Library/Frameworks/Ruby.framework/Versions/1.8/usr/lib/ruby/gems/1.8/gems/mongrel-1.1.4/lib/mongrel.rb:268:in `initialize'
    /System/Library/Frameworks/Ruby.framework/Versions/1.8/usr/lib/ruby/gems/1.8/gems/mongrel-1.1.4/lib/mongrel.rb:268:in `new'
    /System/Library/Frameworks/Ruby.framework/Versions/1.8/usr/lib/ruby/gems/1.8/gems/mongrel-1.1.4/lib/mongrel.rb:268:in `run'
    /Library/Ruby/Gems/1.8/gems/rack-1.0.0/lib/rack/handler/mongrel.rb:34:in `run'
    /Library/Ruby/Gems/1.8/gems/rails-2.3.2/lib/commands/server.rb:111
    /Library/Ruby/Site/1.8/rubygems/custom_require.rb:31:in `gem_original_require'
    /Library/Ruby/Site/1.8/rubygems/custom_require.rb:31:in `require'
    script/server:3


Processing ProjectsController#index (for 127.0.0.1 at 2009-06-20 21:32:01) [GET]
Rendering template within layouts/application
Rendering projects/index
Completed in 3ms (View: 1, DB: 0) | 200 OK [http://localhost/projects]
/!\ FAILSAFE /!\  Sat Jun 20 21:33:46 +0100 2009
  Status: 500 Internal Server Error
  /Users/matt/projects/sicamp/code/rails-site/app/helpers/projects_helper.rb:6: syntax error, unexpected tSYMBEG, expecting ')'
        :budget => 500
         ^
    /Library/Ruby/Gems/1.8/gems/activesupport-2.3.2/lib/active_support/dependencies.rb:380:in `load_without_new_constant_marking'
    /Library/Ruby/Gems/1.8/gems/activesupport-2.3.2/lib/active_support/dependencies.rb:380:in `load_file'
    /Library/Ruby/Gems/1.8/gems/activesupport-2.3.2/lib/active_support/dependencies.rb:521:in `new_constants_in'
    /Library/Ruby/Gems/1.8/gems/activesupport-2.3.2/lib/active_support/dependencies.rb:379:in `load_file'
    /Library/Ruby/Gems/1.8/gems/activesupport-2.3.2/lib/active_support/dependencies.rb:259:in `require_or_load'
    /Library/Ruby/Gems/1.8/gems/activesupport-2.3.2/lib/active_support/dependencies.rb:224:in `depend_on'
    /Library/Ruby/Gems/1.8/gems/activesupport-2.3.2/lib/active_support/dependencies.rb:136:in `require_dependency'
    /Library/Ruby/Gems/1.8/gems/actionpack-2.3.2/lib/action_controller/helpers.rb:126:in `helper'
    /Library/Ruby/Gems/1.8/gems/actionpack-2.3.2/lib/action_controller/helpers.rb:115:in `each'
    /Library/Ruby/Gems/1.8/gems/actionpack-2.3.2/lib/action_controller/helpers.rb:115:in `helper'
    /Library/Ruby/Gems/1.8/gems/actionpack-2.3.2/lib/action_controller/helpers.rb:120:in `helper'
    /Library/Ruby/Gems/1.8/gems/actionpack-2.3.2/lib/action_controller/helpers.rb:115:in `each'
    /Library/Ruby/Gems/1.8/gems/actionpack-2.3.2/lib/action_controller/helpers.rb:115:in `helper'
    /Users/matt/projects/sicamp/code/rails-site/app/controllers/application_controller.rb:5
    /Library/Ruby/Gems/1.8/gems/activesupport-2.3.2/lib/active_support/dependencies.rb:380:in `load_without_new_constant_marking'
    /Library/Ruby/Gems/1.8/gems/activesupport-2.3.2/lib/active_support/dependencies.rb:380:in `load_file'
    /Library/Ruby/Gems/1.8/gems/activesupport-2.3.2/lib/active_support/dependencies.rb:521:in `new_constants_in'
    /Library/Ruby/Gems/1.8/gems/activesupport-2.3.2/lib/active_support/dependencies.rb:379:in `load_file'
    /Library/Ruby/Gems/1.8/gems/activesupport-2.3.2/lib/active_support/dependencies.rb:259:in `require_or_load'
    /Library/Ruby/Gems/1.8/gems/activesupport-2.3.2/lib/active_support/dependencies.rb:425:in `load_missing_constant'
    /Library/Ruby/Gems/1.8/gems/activesupport-2.3.2/lib/active_support/dependencies.rb:80:in `const_missing'
    /Library/Ruby/Gems/1.8/gems/activesupport-2.3.2/lib/active_support/dependencies.rb:92:in `const_missing'
    /Library/Ruby/Gems/1.8/gems/actionpack-2.3.2/lib/action_controller/dispatcher.rb:90:in `dispatch'
    /Library/Ruby/Gems/1.8/gems/actionpack-2.3.2/lib/action_controller/dispatcher.rb:111:in `_call'
    /Library/Ruby/Gems/1.8/gems/actionpack-2.3.2/lib/action_controller/dispatcher.rb:82:in `initialize'
    /Library/Ruby/Gems/1.8/gems/activerecord-2.3.2/lib/active_record/query_cache.rb:29:in `call'
    /Library/Ruby/Gems/1.8/gems/activerecord-2.3.2/lib/active_record/query_cache.rb:29:in `call'
    /Library/Ruby/Gems/1.8/gems/activerecord-2.3.2/lib/active_record/connection_adapters/abstract/query_cache.rb:34:in `cache'
    /Library/Ruby/Gems/1.8/gems/activerecord-2.3.2/lib/active_record/query_cache.rb:9:in `cache'
    /Library/Ruby/Gems/1.8/gems/activerecord-2.3.2/lib/active_record/query_cache.rb:28:in `call'
    /Library/Ruby/Gems/1.8/gems/activerecord-2.3.2/lib/active_record/connection_adapters/abstract/connection_pool.rb:361:in `call'
    /Library/Ruby/Gems/1.8/gems/rack-1.0.0/lib/rack/head.rb:9:in `call'
    /Library/Ruby/Gems/1.8/gems/rack-1.0.0/lib/rack/methodoverride.rb:24:in `call'
    /Library/Ruby/Gems/1.8/gems/actionpack-2.3.2/lib/action_controller/params_parser.rb:15:in `call'
    /Library/Ruby/Gems/1.8/gems/actionpack-2.3.2/lib/action_controller/rewindable_input.rb:25:in `call'
    /Library/Ruby/Gems/1.8/gems/actionpack-2.3.2/lib/action_controller/session/cookie_store.rb:93:in `call'
    /Library/Ruby/Gems/1.8/gems/actionpack-2.3.2/lib/action_controller/reloader.rb:9:in `call'
    /Library/Ruby/Gems/1.8/gems/actionpack-2.3.2/lib/action_controller/failsafe.rb:11:in `call'
    /Library/Ruby/Gems/1.8/gems/rack-1.0.0/lib/rack/lock.rb:11:in `call'
    /Library/Ruby/Gems/1.8/gems/rack-1.0.0/lib/rack/lock.rb:11:in `synchronize'
    /Library/Ruby/Gems/1.8/gems/rack-1.0.0/lib/rack/lock.rb:11:in `call'
    /Library/Ruby/Gems/1.8/gems/actionpack-2.3.2/lib/action_controller/dispatcher.rb:106:in `call'
    /Library/Ruby/Gems/1.8/gems/rails-2.3.2/lib/rails/rack/static.rb:31:in `call'
    /Library/Ruby/Gems/1.8/gems/rack-1.0.0/lib/rack/urlmap.rb:46:in `call'
    /Library/Ruby/Gems/1.8/gems/rack-1.0.0/lib/rack/urlmap.rb:40:in `each'
    /Library/Ruby/Gems/1.8/gems/rack-1.0.0/lib/rack/urlmap.rb:40:in `call'
    /Library/Ruby/Gems/1.8/gems/rails-2.3.2/lib/rails/rack/log_tailer.rb:17:in `call'
    /Library/Ruby/Gems/1.8/gems/rack-1.0.0/lib/rack/content_length.rb:13:in `call'
    /Library/Ruby/Gems/1.8/gems/rack-1.0.0/lib/rack/chunked.rb:15:in `call'
    /Library/Ruby/Gems/1.8/gems/rack-1.0.0/lib/rack/handler/mongrel.rb:61:in `process'
    /System/Library/Frameworks/Ruby.framework/Versions/1.8/usr/lib/ruby/gems/1.8/gems/mongrel-1.1.4/lib/mongrel.rb:159:in `process_client'
    /System/Library/Frameworks/Ruby.framework/Versions/1.8/usr/lib/ruby/gems/1.8/gems/mongrel-1.1.4/lib/mongrel.rb:158:in `each'
    /System/Library/Frameworks/Ruby.framework/Versions/1.8/usr/lib/ruby/gems/1.8/gems/mongrel-1.1.4/lib/mongrel.rb:158:in `process_client'
    /System/Library/Frameworks/Ruby.framework/Versions/1.8/usr/lib/ruby/gems/1.8/gems/mongrel-1.1.4/lib/mongrel.rb:285:in `run'
    /System/Library/Frameworks/Ruby.framework/Versions/1.8/usr/lib/ruby/gems/1.8/gems/mongrel-1.1.4/lib/mongrel.rb:285:in `initialize'
    /System/Library/Frameworks/Ruby.framework/Versions/1.8/usr/lib/ruby/gems/1.8/gems/mongrel-1.1.4/lib/mongrel.rb:285:in `new'
    /System/Library/Frameworks/Ruby.framework/Versions/1.8/usr/lib/ruby/gems/1.8/gems/mongrel-1.1.4/lib/mongrel.rb:285:in `run'
    /System/Library/Frameworks/Ruby.framework/Versions/1.8/usr/lib/ruby/gems/1.8/gems/mongrel-1.1.4/lib/mongrel.rb:268:in `initialize'
    /System/Library/Frameworks/Ruby.framework/Versions/1.8/usr/lib/ruby/gems/1.8/gems/mongrel-1.1.4/lib/mongrel.rb:268:in `new'
    /System/Library/Frameworks/Ruby.framework/Versions/1.8/usr/lib/ruby/gems/1.8/gems/mongrel-1.1.4/lib/mongrel.rb:268:in `run'
    /Library/Ruby/Gems/1.8/gems/rack-1.0.0/lib/rack/handler/mongrel.rb:34:in `run'
    /Library/Ruby/Gems/1.8/gems/rails-2.3.2/lib/commands/server.rb:111
    /Library/Ruby/Site/1.8/rubygems/custom_require.rb:31:in `gem_original_require'
    /Library/Ruby/Site/1.8/rubygems/custom_require.rb:31:in `require'
    script/server:3


Processing ProjectsController#index (for 127.0.0.1 at 2009-06-20 21:33:53) [GET]
Rendering template within layouts/application
Rendering projects/index

ActionView::TemplateError (undefined method `include?' for :partial:Symbol) on line #2 of app/views/projects/index.html.erb:
1: <% projects.each do %>
2:   <%= render :partial, :projects %>
3: <% end %>

    app/views/projects/index.html.erb:2
    app/views/projects/index.html.erb:1:in `each'
    app/views/projects/index.html.erb:1

Rendered rescues/_trace (97.0ms)
Rendered rescues/_request_and_response (0.2ms)
Rendering rescues/layout (internal_server_error)


Processing ProjectsController#index (for 127.0.0.1 at 2009-06-20 21:34:09) [GET]
Rendering template within layouts/application
Rendering projects/index

ActionView::TemplateError (undefined method `include?' for :projects:Symbol) on line #2 of app/views/projects/index.html.erb:
1: <% projects.each do %>
2:   <%= render :partial => :projects %>
3: <% end %>

    app/views/projects/index.html.erb:2
    app/views/projects/index.html.erb:1:in `each'
    app/views/projects/index.html.erb:1

Rendered rescues/_trace (104.8ms)
Rendered rescues/_request_and_response (0.2ms)
Rendering rescues/layout (internal_server_error)


Processing ProjectsController#index (for 127.0.0.1 at 2009-06-20 21:34:17) [GET]
Rendering template within layouts/application
Rendering projects/index
Completed in 10ms (View: 8, DB: 0) | 200 OK [http://localhost/projects]


Processing ProjectsController#index (for 127.0.0.1 at 2009-06-20 21:34:54) [GET]
Rendering template within layouts/application
Rendering projects/index
Completed in 10ms (View: 3, DB: 0) | 200 OK [http://localhost/projects]


Processing ProjectsController#index (for 127.0.0.1 at 2009-06-20 21:36:25) [GET]
Rendering template within layouts/application
Rendering projects/index
Completed in 6ms (View: 1, DB: 0) | 200 OK [http://localhost/projects]


Processing ProjectsController#index (for 127.0.0.1 at 2009-06-20 21:36:26) [GET]
Rendering template within layouts/application
Rendering projects/index
Completed in 10ms (View: 1, DB: 0) | 200 OK [http://localhost/projects]


Processing ProjectsController#index (for 127.0.0.1 at 2009-06-20 21:37:25) [GET]
Rendering template within layouts/application
Rendering projects/index
Completed in 8ms (View: 3, DB: 0) | 200 OK [http://localhost/projects]


Processing ProjectsController#index (for 127.0.0.1 at 2009-06-20 21:37:30) [GET]
Rendering template within layouts/application
Rendering projects/index
Completed in 6ms (View: 1, DB: 0) | 200 OK [http://localhost/projects]


Processing ProjectsController#index (for 127.0.0.1 at 2009-06-20 21:37:36) [GET]
Rendering template within layouts/application
Rendering projects/index
Completed in 16ms (View: 10, DB: 0) | 200 OK [http://localhost/projects]


Processing ProjectsController#index (for 127.0.0.1 at 2009-06-20 21:38:06) [GET]
Rendering template within layouts/application
Rendering projects/index
Completed in 10ms (View: 4, DB: 0) | 200 OK [http://localhost/projects]


Processing ProjectsController#index (for 127.0.0.1 at 2009-06-20 21:38:13) [GET]
Rendering template within layouts/application
Rendering projects/index
Completed in 64ms (View: 3, DB: 0) | 200 OK [http://localhost/projects]


Processing ProjectsController#index (for 127.0.0.1 at 2009-06-20 21:38:38) [GET]
Rendering template within layouts/application
Rendering projects/index

ActionView::TemplateError (undefined method `pluralize' for 1:Fixnum) on line #1 of app/views/projects/index.html.erb:
1: There are <%= pluralize "project", @projects.length  %> 
2: <%= render :collection => @projects %>

    app/views/projects/index.html.erb:1

Rendered rescues/_trace (42.2ms)
Rendered rescues/_request_and_response (1.4ms)
Rendering rescues/layout (internal_server_error)


Processing ProjectsController#index (for 127.0.0.1 at 2009-06-20 21:38:50) [GET]
Rendering template within layouts/application
Rendering projects/index

ActionView::TemplateError (undefined method `pluralize' for 1:Fixnum) on line #1 of app/views/projects/index.html.erb:
1: There are <%= pluralize("project", @projects.length) %> 
2: <%= render :collection => @projects %>

    app/views/projects/index.html.erb:1

Rendered rescues/_trace (41.8ms)
Rendered rescues/_request_and_response (0.2ms)
Rendering rescues/layout (internal_server_error)


Processing ProjectsController#index (for 127.0.0.1 at 2009-06-20 21:39:05) [GET]
Rendering template within layouts/application
Rendering projects/index
Completed in 8ms (View: 3, DB: 0) | 200 OK [http://localhost/projects]


Processing ProjectsController#index (for 127.0.0.1 at 2009-06-20 21:39:09) [GET]
Rendering template within layouts/application
Rendering projects/index
Completed in 10ms (View: 3, DB: 0) | 200 OK [http://localhost/projects]


Processing ProjectsController#index (for 127.0.0.1 at 2009-06-20 21:39:36) [GET]
Rendering template within layouts/application
Rendering projects/index
Completed in 8ms (View: 1, DB: 0) | 200 OK [http://localhost/projects]


Processing ProjectsController#index (for 127.0.0.1 at 2009-06-20 21:42:16) [GET]
Rendering template within layouts/application
Rendering projects/index

ActionView::TemplateError (undefined method `name' for #<Project:0x24c8fa4>) on line #1 of app/views/projects/_project.html.erb:
1: <h2><%= project.name %></h2>
2: Maker: <%= link_to maker_path(project.maker), project.maker.name %>

    app/views/projects/_project.html.erb:1
    app/views/projects/index.html.erb:2

Rendered rescues/_trace (102.0ms)
Rendered rescues/_request_and_response (0.2ms)
Rendering rescues/layout (internal_server_error)
  [4;36;1mSQL (0.5ms)[0m   [0;1m SELECT name
 FROM sqlite_master
 WHERE type = 'table' AND NOT name = 'sqlite_sequence'
[0m
  [4;35;1mSQL (0.2ms)[0m   [0mSELECT version FROM schema_migrations[0m
  [4;36;1mSQL (47.9ms)[0m   [0;1mDROP TABLE "projects"[0m
  [4;35;1mSQL (2.8ms)[0m   [0mDELETE FROM schema_migrations WHERE version = '20090620201615'[0m
  [4;36;1mSQL (0.2ms)[0m   [0;1mselect sqlite_version(*)[0m
  [4;35;1mSQL (0.4ms)[0m   [0m SELECT name
 FROM sqlite_master
 WHERE type = 'table' AND NOT name = 'sqlite_sequence'
[0m
  [4;36;1mSQL (0.2ms)[0m   [0;1mSELECT version FROM schema_migrations[0m
  [4;35;1mSQL (0.3ms)[0m   [0m SELECT name
 FROM sqlite_master
 WHERE type = 'table' AND NOT name = 'sqlite_sequence'
[0m
  [4;36;1mSQL (0.1ms)[0m   [0;1mPRAGMA index_list("values")[0m


Processing ProjectsController#index (for 127.0.0.1 at 2009-06-20 21:43:24) [GET]

ActiveRecord::StatementInvalid (Could not find table 'projects'):
  app/controllers/projects_controller.rb:3:in `new'
  app/controllers/projects_controller.rb:3:in `index'

Rendered rescues/_trace (98.7ms)
Rendered rescues/_request_and_response (1.5ms)
Rendering rescues/layout (internal_server_error)
  [4;36;1mSQL (0.5ms)[0m   [0;1m SELECT name
 FROM sqlite_master
 WHERE type = 'table' AND NOT name = 'sqlite_sequence'
[0m
  [4;35;1mSQL (0.2ms)[0m   [0mSELECT version FROM schema_migrations[0m
Migrating to CreateValues (20090620201454)
Migrating to CreateProjects (20090620201615)
  [4;36;1mSQL (0.1ms)[0m   [0;1mselect sqlite_version(*)[0m
  [4;35;1mSQL (0.7ms)[0m   [0mCREATE TABLE "projects" ("id" INTEGER PRIMARY KEY AUTOINCREMENT NOT NULL, "name" varchar(255), "pitch" varchar(255), "goal" varchar(255), "budget" integer, "created_at" datetime, "updated_at" datetime) [0m
  [4;36;1mSQL (0.1ms)[0m   [0;1mINSERT INTO schema_migrations (version) VALUES ('20090620201615')[0m
  [4;35;1mSQL (0.3ms)[0m   [0m SELECT name
 FROM sqlite_master
 WHERE type = 'table' AND NOT name = 'sqlite_sequence'
[0m
  [4;36;1mSQL (0.2ms)[0m   [0;1mSELECT version FROM schema_migrations[0m
  [4;35;1mSQL (0.3ms)[0m   [0m SELECT name
 FROM sqlite_master
 WHERE type = 'table' AND NOT name = 'sqlite_sequence'
[0m
  [4;36;1mSQL (0.0ms)[0m   [0;1mPRAGMA index_list("projects")[0m
  [4;35;1mSQL (0.1ms)[0m   [0mPRAGMA index_list("values")[0m


Processing ProjectsController#index (for 127.0.0.1 at 2009-06-20 21:43:42) [GET]
Rendering template within layouts/application
Rendering projects/index

ActionView::TemplateError (undefined method `maker' for #<Project:0x2267d78>) on line #2 of app/views/projects/_project.html.erb:
1: <h2><%= project.name %></h2>
2: Maker: <%= link_to maker_path(project.maker), project.maker.name %>

    app/views/projects/_project.html.erb:2
    app/views/projects/index.html.erb:2

Rendered rescues/_trace (76.3ms)
Rendered rescues/_request_and_response (1.8ms)
Rendering rescues/layout (internal_server_error)
  [4;36;1mSQL (0.5ms)[0m   [0;1m SELECT name
 FROM sqlite_master
 WHERE type = 'table' AND NOT name = 'sqlite_sequence'
[0m
  [4;35;1mSQL (0.4ms)[0m   [0mSELECT version FROM schema_migrations[0m
Migrating to CreateValues (20090620201454)
Migrating to CreateProjects (20090620201615)
Migrating to CreatePeople (20090620204433)
  [4;36;1mSQL (0.1ms)[0m   [0;1mselect sqlite_version(*)[0m
  [4;35;1mSQL (1.0ms)[0m   [0mCREATE TABLE "people" ("id" INTEGER PRIMARY KEY AUTOINCREMENT NOT NULL, "maker" boolean, "name" varchar(255), "created_at" datetime, "updated_at" datetime) [0m
  [4;36;1mSQL (0.1ms)[0m   [0;1mINSERT INTO schema_migrations (version) VALUES ('20090620204433')[0m
  [4;35;1mSQL (0.4ms)[0m   [0m SELECT name
 FROM sqlite_master
 WHERE type = 'table' AND NOT name = 'sqlite_sequence'
[0m
  [4;36;1mSQL (0.2ms)[0m   [0;1mSELECT version FROM schema_migrations[0m
  [4;35;1mSQL (0.3ms)[0m   [0m SELECT name
 FROM sqlite_master
 WHERE type = 'table' AND NOT name = 'sqlite_sequence'
[0m
  [4;36;1mSQL (0.1ms)[0m   [0;1mPRAGMA index_list("people")[0m
  [4;35;1mSQL (0.0ms)[0m   [0mPRAGMA index_list("projects")[0m
  [4;36;1mSQL (0.1ms)[0m   [0;1mPRAGMA index_list("values")[0m


Processing ProjectsController#index (for 127.0.0.1 at 2009-06-20 21:45:41) [GET]

ArgumentError (Unknown key(s): class):
  (eval):3:in `belongs_to'
  app/models/project.rb:2
  app/controllers/projects_controller.rb:3:in `index'

Rendered rescues/_trace (97.0ms)
Rendered rescues/_request_and_response (1.3ms)
Rendering rescues/layout (internal_server_error)
  [4;36;1mSQL (0.6ms)[0m   [0;1m SELECT name
 FROM sqlite_master
 WHERE type = 'table' AND NOT name = 'sqlite_sequence'
[0m
  [4;35;1mSQL (0.3ms)[0m   [0mSELECT version FROM schema_migrations[0m
  [4;36;1mSQL (51.7ms)[0m   [0;1mDROP TABLE "projects"[0m
  [4;35;1mSQL (3.0ms)[0m   [0mDELETE FROM schema_migrations WHERE version = '20090620201615'[0m
  [4;36;1mSQL (0.2ms)[0m   [0;1mselect sqlite_version(*)[0m
  [4;35;1mSQL (0.3ms)[0m   [0m SELECT name
 FROM sqlite_master
 WHERE type = 'table' AND NOT name = 'sqlite_sequence'
[0m
  [4;36;1mSQL (0.2ms)[0m   [0;1mSELECT version FROM schema_migrations[0m
  [4;35;1mSQL (0.2ms)[0m   [0m SELECT name
 FROM sqlite_master
 WHERE type = 'table' AND NOT name = 'sqlite_sequence'
[0m
  [4;36;1mSQL (0.0ms)[0m   [0;1mPRAGMA index_list("people")[0m
  [4;35;1mSQL (0.0ms)[0m   [0mPRAGMA index_list("values")[0m
  [4;36;1mSQL (0.5ms)[0m   [0;1m SELECT name
 FROM sqlite_master
 WHERE type = 'table' AND NOT name = 'sqlite_sequence'
[0m
  [4;36;1mSQL (0.5ms)[0m   [0;1m SELECT name
 FROM sqlite_master
 WHERE type = 'table' AND NOT name = 'sqlite_sequence'
[0m
  [4;36;1mSQL (0.6ms)[0m   [0;1m SELECT name
 FROM sqlite_master
 WHERE type = 'table' AND NOT name = 'sqlite_sequence'
[0m
  [4;36;1mSQL (0.6ms)[0m   [0;1m SELECT name
 FROM sqlite_master
 WHERE type = 'table' AND NOT name = 'sqlite_sequence'
[0m
  [4;35;1mSQL (0.3ms)[0m   [0mSELECT version FROM schema_migrations[0m
  [4;36;1mSQL (54.1ms)[0m   [0;1mDROP TABLE "people"[0m
  [4;35;1mSQL (3.0ms)[0m   [0mDELETE FROM schema_migrations WHERE version = '20090620204433'[0m
  [4;36;1mSQL (0.7ms)[0m   [0;1m SELECT name
 FROM sqlite_master
 WHERE type = 'table' AND NOT name = 'sqlite_sequence'
[0m
  [4;35;1mSQL (0.2ms)[0m   [0mSELECT version FROM schema_migrations[0m
  [4;36;1mSQL (0.1ms)[0m   [0;1mselect sqlite_version(*)[0m
  [4;35;1mSQL (0.2ms)[0m   [0m SELECT name
 FROM sqlite_master
 WHERE type = 'table' AND NOT name = 'sqlite_sequence'
[0m
  [4;36;1mSQL (0.2ms)[0m   [0;1mSELECT version FROM schema_migrations[0m
  [4;35;1mSQL (0.2ms)[0m   [0m SELECT name
 FROM sqlite_master
 WHERE type = 'table' AND NOT name = 'sqlite_sequence'
[0m
  [4;36;1mSQL (0.1ms)[0m   [0;1mPRAGMA index_list("values")[0m
  [4;36;1mSQL (0.5ms)[0m   [0;1m SELECT name
 FROM sqlite_master
 WHERE type = 'table' AND NOT name = 'sqlite_sequence'
[0m
  [4;35;1mSQL (0.2ms)[0m   [0mSELECT version FROM schema_migrations[0m
Migrating to CreateValues (20090620201454)
Migrating to CreateProjects (20090620201615)
  [4;36;1mSQL (0.1ms)[0m   [0;1mselect sqlite_version(*)[0m
  [4;35;1mSQL (0.8ms)[0m   [0mCREATE TABLE "projects" ("id" INTEGER PRIMARY KEY AUTOINCREMENT NOT NULL, "name" varchar(255), "pitch" varchar(255), "goal" varchar(255), "budget" integer, "created_at" datetime, "updated_at" datetime) [0m
  [4;36;1mSQL (0.1ms)[0m   [0;1mINSERT INTO schema_migrations (version) VALUES ('20090620201615')[0m
Migrating to CreatePeople (20090620204433)
  [4;35;1mSQL (0.6ms)[0m   [0mCREATE TABLE "people" ("id" INTEGER PRIMARY KEY AUTOINCREMENT NOT NULL, "type" varchar(255), "name" varchar(255), "created_at" datetime, "updated_at" datetime) [0m
  [4;36;1mSQL (0.1ms)[0m   [0;1mINSERT INTO schema_migrations (version) VALUES ('20090620204433')[0m
  [4;35;1mSQL (0.4ms)[0m   [0m SELECT name
 FROM sqlite_master
 WHERE type = 'table' AND NOT name = 'sqlite_sequence'
[0m
  [4;36;1mSQL (0.2ms)[0m   [0;1mSELECT version FROM schema_migrations[0m
  [4;35;1mSQL (0.3ms)[0m   [0m SELECT name
 FROM sqlite_master
 WHERE type = 'table' AND NOT name = 'sqlite_sequence'
[0m
  [4;36;1mSQL (0.0ms)[0m   [0;1mPRAGMA index_list("people")[0m
  [4;35;1mSQL (0.1ms)[0m   [0mPRAGMA index_list("projects")[0m
  [4;36;1mSQL (0.0ms)[0m   [0;1mPRAGMA index_list("values")[0m


Processing ProjectsController#index (for 127.0.0.1 at 2009-06-20 21:49:53) [GET]

ArgumentError (Unknown key(s): class):
  (eval):3:in `belongs_to'
  app/models/project.rb:2
  app/controllers/projects_controller.rb:3:in `index'

Rendered rescues/_trace (99.2ms)
Rendered rescues/_request_and_response (1.4ms)
Rendering rescues/layout (internal_server_error)


Processing ProjectsController#index (for 127.0.0.1 at 2009-06-20 21:49:54) [GET]

ArgumentError (Unknown key(s): class):
  (eval):3:in `belongs_to'
  app/models/project.rb:2
  app/controllers/projects_controller.rb:3:in `index'

Rendered rescues/_trace (34.7ms)
Rendered rescues/_request_and_response (0.3ms)
Rendering rescues/layout (internal_server_error)


Processing ProjectsController#index (for 127.0.0.1 at 2009-06-20 21:49:55) [GET]

ArgumentError (Unknown key(s): class):
  (eval):3:in `belongs_to'
  app/models/project.rb:2
  app/controllers/projects_controller.rb:3:in `index'

Rendered rescues/_trace (109.5ms)
Rendered rescues/_request_and_response (0.2ms)
Rendering rescues/layout (internal_server_error)


Processing ProjectsController#index (for 127.0.0.1 at 2009-06-20 21:49:57) [GET]

ArgumentError (Unknown key(s): class):
  (eval):3:in `belongs_to'
  app/models/project.rb:2
  app/controllers/projects_controller.rb:3:in `index'

Rendered rescues/_trace (37.0ms)
Rendered rescues/_request_and_response (0.3ms)
Rendering rescues/layout (internal_server_error)


Processing ProjectsController#index (for 127.0.0.1 at 2009-06-20 21:50:09) [GET]
Rendering template within layouts/application
Rendering projects/index

ActionView::TemplateError (undefined method `maker_path' for #<ActionView::Base:0x2201de8>) on line #2 of app/views/projects/_project.html.erb:
1: <h2><%= project.name %></h2>
2: Maker: <%= link_to maker_path(project.maker), project.maker.name %>

    app/views/projects/_project.html.erb:2
    app/views/projects/index.html.erb:2

Rendered rescues/_trace (45.3ms)
Rendered rescues/_request_and_response (0.3ms)
Rendering rescues/layout (internal_server_error)


Processing ProjectsController#index (for 127.0.0.1 at 2009-06-20 21:50:24) [GET]
Rendering template within layouts/application
Rendering projects/index

ActionView::TemplateError (maker_url failed to generate from {:action=>"show", :controller=>"makers", :id=>nil}, expected: {:action=>"show", :controller=>"makers"}, diff: {:id=>nil}) on line #2 of app/views/projects/_project.html.erb:
1: <h2><%= project.name %></h2>
2: Maker: <%= link_to maker_path(project.maker), project.maker.name %>

    (eval):16:in `maker_path'
    app/views/projects/_project.html.erb:2
    app/views/projects/index.html.erb:2

Rendered rescues/_trace (48.8ms)
Rendered rescues/_request_and_response (0.6ms)
Rendering rescues/layout (internal_server_error)


Processing ProjectsController#index (for 127.0.0.1 at 2009-06-20 21:50:47) [GET]
Rendering template within layouts/application
Rendering projects/index

ActionView::TemplateError (maker_url failed to generate from {:action=>"show", :controller=>"makers", :id=>nil}, expected: {:action=>"show", :controller=>"makers"}, diff: {:id=>nil}) on line #2 of app/views/projects/_project.html.erb:
1: <h2><%= project.name %></h2>
2: Maker: <%= link_to maker_path(project.maker), project.maker.name %>

    (eval):16:in `maker_path'
    app/views/projects/_project.html.erb:2
    app/views/projects/index.html.erb:2

Rendered rescues/_trace (48.4ms)
Rendered rescues/_request_and_response (0.3ms)
Rendering rescues/layout (internal_server_error)


Processing ProjectsController#index (for 127.0.0.1 at 2009-06-20 21:50:50) [GET]
Rendering template within layouts/application
Rendering projects/index

ActionView::TemplateError (maker_url failed to generate from {:action=>"show", :controller=>"makers", :id=>nil}, expected: {:action=>"show", :controller=>"makers"}, diff: {:id=>nil}) on line #2 of app/views/projects/_project.html.erb:
1: <h2><%= project.name %></h2>
2: Maker: <%= link_to maker_path(project.maker), project.maker.name %>

    (eval):16:in `maker_path'
    app/views/projects/_project.html.erb:2
    app/views/projects/index.html.erb:2

Rendered rescues/_trace (49.5ms)
Rendered rescues/_request_and_response (0.3ms)
Rendering rescues/layout (internal_server_error)


Processing ProjectsController#index (for 127.0.0.1 at 2009-06-20 21:52:23) [GET]
Rendering template within layouts/application
Rendering projects/index

ActionView::TemplateError (maker_url failed to generate from {:action=>"show", :controller=>"makers", :id=>#<Maker id: nil, type: "Maker", name: "Pat", created_at: nil, updated_at: nil>}, expected: {:action=>"show", :controller=>"makers"}, diff: {:id=>#<Maker id: nil, type: "Maker", name: "Pat", created_at: nil, updated_at: nil>}) on line #2 of app/views/projects/_project.html.erb:
1: <h2><%= project.name %></h2>
2: Maker: <%= link_to maker_path(project.maker), project.maker.name %>

    (eval):16:in `maker_path'
    app/views/projects/_project.html.erb:2
    app/views/projects/index.html.erb:2

Rendered rescues/_trace (49.6ms)
Rendered rescues/_request_and_response (0.3ms)
Rendering rescues/layout (internal_server_error)


Processing ApplicationController#index (for 127.0.0.1 at 2009-06-20 21:52:34) [GET]

NoMethodError (undefined method `call' for MakersController:Class):
  

Rendered rescues/_trace (84.6ms)
Rendered rescues/_request_and_response (0.4ms)
Rendering rescues/layout (internal_server_error)


Processing MakersController#index (for 127.0.0.1 at 2009-06-20 21:52:50) [GET]

ActionView::MissingTemplate (Missing template makers/index.erb in view path app/views):
  

Rendering rescues/layout (internal_server_error)


Processing ProjectsController#index (for 127.0.0.1 at 2009-06-20 21:52:53) [GET]
Rendering template within layouts/application
Rendering projects/index

ActionView::TemplateError (maker_url failed to generate from {:action=>"show", :controller=>"makers", :id=>#<Maker id: nil, type: "Maker", name: "Pat", created_at: nil, updated_at: nil>}, expected: {:action=>"show", :controller=>"makers"}, diff: {:id=>#<Maker id: nil, type: "Maker", name: "Pat", created_at: nil, updated_at: nil>}) on line #2 of app/views/projects/_project.html.erb:
1: <h2><%= project.name %></h2>
2: Maker: <%= link_to maker_path(project.maker), project.maker.name %>

    (eval):16:in `maker_path'
    app/views/projects/_project.html.erb:2
    app/views/projects/index.html.erb:2

Rendered rescues/_trace (106.9ms)
Rendered rescues/_request_and_response (0.3ms)
Rendering rescues/layout (internal_server_error)


Processing ProjectsController#index (for 127.0.0.1 at 2009-06-20 21:52:55) [GET]
Rendering template within layouts/application
Rendering projects/index

ActionView::TemplateError (maker_url failed to generate from {:action=>"show", :controller=>"makers", :id=>#<Maker id: nil, type: "Maker", name: "Pat", created_at: nil, updated_at: nil>}, expected: {:action=>"show", :controller=>"makers"}, diff: {:id=>#<Maker id: nil, type: "Maker", name: "Pat", created_at: nil, updated_at: nil>}) on line #2 of app/views/projects/_project.html.erb:
1: <h2><%= project.name %></h2>
2: Maker: <%= link_to maker_path(project.maker), project.maker.name %>

    (eval):16:in `maker_path'
    app/views/projects/_project.html.erb:2
    app/views/projects/index.html.erb:2

Rendered rescues/_trace (112.0ms)
Rendered rescues/_request_and_response (0.3ms)
Rendering rescues/layout (internal_server_error)


Processing ProjectsController#index (for 127.0.0.1 at 2009-06-20 21:52:55) [GET]
Rendering template within layouts/application
Rendering projects/index

ActionView::TemplateError (maker_url failed to generate from {:action=>"show", :controller=>"makers", :id=>#<Maker id: nil, type: "Maker", name: "Pat", created_at: nil, updated_at: nil>}, expected: {:action=>"show", :controller=>"makers"}, diff: {:id=>#<Maker id: nil, type: "Maker", name: "Pat", created_at: nil, updated_at: nil>}) on line #2 of app/views/projects/_project.html.erb:
1: <h2><%= project.name %></h2>
2: Maker: <%= link_to maker_path(project.maker), project.maker.name %>

    (eval):16:in `maker_path'
    app/views/projects/_project.html.erb:2
    app/views/projects/index.html.erb:2

Rendered rescues/_trace (117.2ms)
Rendered rescues/_request_and_response (0.3ms)
Rendering rescues/layout (internal_server_error)


Processing ProjectsController#index (for 127.0.0.1 at 2009-06-20 21:52:55) [GET]
Rendering template within layouts/application
Rendering projects/index

ActionView::TemplateError (maker_url failed to generate from {:action=>"show", :controller=>"makers", :id=>#<Maker id: nil, type: "Maker", name: "Pat", created_at: nil, updated_at: nil>}, expected: {:action=>"show", :controller=>"makers"}, diff: {:id=>#<Maker id: nil, type: "Maker", name: "Pat", created_at: nil, updated_at: nil>}) on line #2 of app/views/projects/_project.html.erb:
1: <h2><%= project.name %></h2>
2: Maker: <%= link_to maker_path(project.maker), project.maker.name %>

    (eval):16:in `maker_path'
    app/views/projects/_project.html.erb:2
    app/views/projects/index.html.erb:2

Rendered rescues/_trace (118.1ms)
Rendered rescues/_request_and_response (0.3ms)
Rendering rescues/layout (internal_server_error)


Processing ProjectsController#index (for 127.0.0.1 at 2009-06-20 21:53:12) [GET]
Rendering template within layouts/application
Rendering projects/index

ActionView::TemplateError (maker_url failed to generate from {:action=>"show", :controller=>"makers", :id=>#<Maker id: nil, type: "Maker", name: "Pat", created_at: nil, updated_at: nil>}, expected: {:action=>"show", :controller=>"makers"}, diff: {:id=>#<Maker id: nil, type: "Maker", name: "Pat", created_at: nil, updated_at: nil>}) on line #2 of app/views/projects/_project.html.erb:
1: <h2><%= project.name %></h2>
2: Maker: <%= link_to maker_path(project.maker), project.maker.name %>

    (eval):16:in `maker_path'
    app/views/projects/_project.html.erb:2
    app/views/projects/index.html.erb:2

Rendered rescues/_trace (117.5ms)
Rendered rescues/_request_and_response (0.2ms)
Rendering rescues/layout (internal_server_error)


Processing ProjectsController#index (for 127.0.0.1 at 2009-06-20 21:53:13) [GET]
Rendering template within layouts/application
Rendering projects/index

ActionView::TemplateError (maker_url failed to generate from {:action=>"show", :controller=>"makers", :id=>#<Maker id: nil, type: "Maker", name: "Pat", created_at: nil, updated_at: nil>}, expected: {:action=>"show", :controller=>"makers"}, diff: {:id=>#<Maker id: nil, type: "Maker", name: "Pat", created_at: nil, updated_at: nil>}) on line #2 of app/views/projects/_project.html.erb:
1: <h2><%= project.name %></h2>
2: Maker: <%= link_to maker_path(project.maker), project.maker.name %>

    (eval):16:in `maker_path'
    app/views/projects/_project.html.erb:2
    app/views/projects/index.html.erb:2

Rendered rescues/_trace (121.5ms)
Rendered rescues/_request_and_response (0.3ms)
Rendering rescues/layout (internal_server_error)


Processing MakersController#show (for 127.0.0.1 at 2009-06-20 21:53:18) [GET]
  Parameters: {"id"=>"123"}

ActionView::MissingTemplate (Missing template makers/show.erb in view path app/views):
  

Rendering rescues/layout (internal_server_error)


Processing MakersController#show (for 127.0.0.1 at 2009-06-20 22:06:41) [GET]
  Parameters: {"id"=>"123"}

ActionView::MissingTemplate (Missing template makers/show.erb in view path app/views):
  

Rendering rescues/layout (internal_server_error)


Processing ProjectsController#index (for 127.0.0.1 at 2009-06-20 22:06:51) [GET]
Rendering template within layouts/application
Rendering projects/index

ActionView::TemplateError (maker_url failed to generate from {:action=>"show", :controller=>"makers", :id=>#<Maker id: nil, type: "Maker", name: "Pat", created_at: nil, updated_at: nil>}, expected: {:action=>"show", :controller=>"makers"}, diff: {:id=>#<Maker id: nil, type: "Maker", name: "Pat", created_at: nil, updated_at: nil>}) on line #2 of app/views/projects/_project.html.erb:
1: <h2><%= project.name %></h2>
2: Maker: <%= link_to maker_path(project.maker), project.maker.name %>

    (eval):16:in `maker_path'
    app/views/projects/_project.html.erb:2
    app/views/projects/index.html.erb:2

Rendered rescues/_trace (57.0ms)
Rendered rescues/_request_and_response (1.8ms)
Rendering rescues/layout (internal_server_error)


Processing ProjectsController#index (for 127.0.0.1 at 2009-06-20 22:07:28) [GET]
Rendering template within layouts/application
Rendering projects/index

ActionView::TemplateError (maker_url failed to generate from {:action=>"show", :controller=>"makers", :id=>nil}, expected: {:action=>"show", :controller=>"makers"}, diff: {:id=>nil}) on line #2 of app/views/projects/_project.html.erb:
1: <h2><%= project.name %></h2>
2: Maker: <%= link_to maker_path(project.maker.to_param), project.maker.name %>

    (eval):16:in `maker_path'
    app/views/projects/_project.html.erb:2
    app/views/projects/index.html.erb:2

Rendered rescues/_trace (51.3ms)
Rendered rescues/_request_and_response (0.2ms)
Rendering rescues/layout (internal_server_error)


Processing ProjectsController#index (for 127.0.0.1 at 2009-06-20 22:07:34) [GET]
Rendering template within layouts/application
Rendering projects/index

ActionView::TemplateError (maker_url failed to generate from {:action=>"show", :controller=>"makers", :id=>nil}, expected: {:action=>"show", :controller=>"makers"}, diff: {:id=>nil}) on line #2 of app/views/projects/_project.html.erb:
1: <h2><%= project.name %></h2>
2: Maker: <%= link_to maker_path(project.maker.id), project.maker.name %>

    (eval):16:in `maker_path'
    app/views/projects/_project.html.erb:2
    app/views/projects/index.html.erb:2

Rendered rescues/_trace (107.9ms)
Rendered rescues/_request_and_response (0.2ms)
Rendering rescues/layout (internal_server_error)


Processing ProjectsController#index (for 127.0.0.1 at 2009-06-20 22:12:39) [GET]
Rendering template within layouts/application
Rendering projects/index

ActionView::TemplateError (maker_url failed to generate from {:action=>"show", :controller=>"makers", :id=>nil}, expected: {:action=>"show", :controller=>"makers"}, diff: {:id=>nil}) on line #2 of app/views/projects/_project.html.erb:
1: <h2><%= project.name %></h2>
2: Maker: <%= link_to maker_path(project.maker.id), project.maker.name %>

    (eval):16:in `maker_path'
    app/views/projects/_project.html.erb:2
    app/views/projects/index.html.erb:2

Rendered rescues/_trace (117.0ms)
Rendered rescues/_request_and_response (1.3ms)
Rendering rescues/layout (internal_server_error)


Processing ProjectsController#index (for 127.0.0.1 at 2009-06-20 22:13:15) [GET]
  [4;36;1mProject Load (0.4ms)[0m   [0;1mSELECT * FROM "projects" [0m
Rendering template within layouts/application
Rendering projects/index
Completed in 6ms (View: 2, DB: 0) | 200 OK [http://localhost/projects]
/!\ FAILSAFE /!\  Sat Jun 20 22:23:45 +0100 2009
  Status: 500 Internal Server Error
  /Users/matt/projects/sicamp/code/rails-site/app/controllers/application_controller.rb:11: syntax error, unexpected tIDENTIFIER, expecting kEND
    /Library/Ruby/Gems/1.8/gems/activesupport-2.3.2/lib/active_support/dependencies.rb:380:in `load_without_new_constant_marking'
    /Library/Ruby/Gems/1.8/gems/activesupport-2.3.2/lib/active_support/dependencies.rb:380:in `load_file'
    /Library/Ruby/Gems/1.8/gems/activesupport-2.3.2/lib/active_support/dependencies.rb:521:in `new_constants_in'
    /Library/Ruby/Gems/1.8/gems/activesupport-2.3.2/lib/active_support/dependencies.rb:379:in `load_file'
    /Library/Ruby/Gems/1.8/gems/activesupport-2.3.2/lib/active_support/dependencies.rb:259:in `require_or_load'
    /Library/Ruby/Gems/1.8/gems/activesupport-2.3.2/lib/active_support/dependencies.rb:425:in `load_missing_constant'
    /Library/Ruby/Gems/1.8/gems/activesupport-2.3.2/lib/active_support/dependencies.rb:80:in `const_missing'
    /Library/Ruby/Gems/1.8/gems/activesupport-2.3.2/lib/active_support/dependencies.rb:92:in `const_missing'
    /Library/Ruby/Gems/1.8/gems/actionpack-2.3.2/lib/action_controller/dispatcher.rb:90:in `dispatch'
    /Library/Ruby/Gems/1.8/gems/actionpack-2.3.2/lib/action_controller/dispatcher.rb:111:in `_call'
    /Library/Ruby/Gems/1.8/gems/actionpack-2.3.2/lib/action_controller/dispatcher.rb:82:in `initialize'
    /Library/Ruby/Gems/1.8/gems/activerecord-2.3.2/lib/active_record/query_cache.rb:29:in `call'
    /Library/Ruby/Gems/1.8/gems/activerecord-2.3.2/lib/active_record/query_cache.rb:29:in `call'
    /Library/Ruby/Gems/1.8/gems/activerecord-2.3.2/lib/active_record/connection_adapters/abstract/query_cache.rb:34:in `cache'
    /Library/Ruby/Gems/1.8/gems/activerecord-2.3.2/lib/active_record/query_cache.rb:9:in `cache'
    /Library/Ruby/Gems/1.8/gems/activerecord-2.3.2/lib/active_record/query_cache.rb:28:in `call'
    /Library/Ruby/Gems/1.8/gems/activerecord-2.3.2/lib/active_record/connection_adapters/abstract/connection_pool.rb:361:in `call'
    /Library/Ruby/Gems/1.8/gems/rack-1.0.0/lib/rack/head.rb:9:in `call'
    /Library/Ruby/Gems/1.8/gems/rack-1.0.0/lib/rack/methodoverride.rb:24:in `call'
    /Library/Ruby/Gems/1.8/gems/actionpack-2.3.2/lib/action_controller/params_parser.rb:15:in `call'
    /Library/Ruby/Gems/1.8/gems/actionpack-2.3.2/lib/action_controller/rewindable_input.rb:25:in `call'
    /Library/Ruby/Gems/1.8/gems/actionpack-2.3.2/lib/action_controller/session/cookie_store.rb:93:in `call'
    /Library/Ruby/Gems/1.8/gems/actionpack-2.3.2/lib/action_controller/reloader.rb:9:in `call'
    /Library/Ruby/Gems/1.8/gems/actionpack-2.3.2/lib/action_controller/failsafe.rb:11:in `call'
    /Library/Ruby/Gems/1.8/gems/rack-1.0.0/lib/rack/lock.rb:11:in `call'
    /Library/Ruby/Gems/1.8/gems/rack-1.0.0/lib/rack/lock.rb:11:in `synchronize'
    /Library/Ruby/Gems/1.8/gems/rack-1.0.0/lib/rack/lock.rb:11:in `call'
    /Library/Ruby/Gems/1.8/gems/actionpack-2.3.2/lib/action_controller/dispatcher.rb:106:in `call'
    /Library/Ruby/Gems/1.8/gems/rails-2.3.2/lib/rails/rack/static.rb:31:in `call'
    /Library/Ruby/Gems/1.8/gems/rack-1.0.0/lib/rack/urlmap.rb:46:in `call'
    /Library/Ruby/Gems/1.8/gems/rack-1.0.0/lib/rack/urlmap.rb:40:in `each'
    /Library/Ruby/Gems/1.8/gems/rack-1.0.0/lib/rack/urlmap.rb:40:in `call'
    /Library/Ruby/Gems/1.8/gems/rails-2.3.2/lib/rails/rack/log_tailer.rb:17:in `call'
    /Library/Ruby/Gems/1.8/gems/rack-1.0.0/lib/rack/content_length.rb:13:in `call'
    /Library/Ruby/Gems/1.8/gems/rack-1.0.0/lib/rack/chunked.rb:15:in `call'
    /Library/Ruby/Gems/1.8/gems/rack-1.0.0/lib/rack/handler/mongrel.rb:61:in `process'
    /System/Library/Frameworks/Ruby.framework/Versions/1.8/usr/lib/ruby/gems/1.8/gems/mongrel-1.1.4/lib/mongrel.rb:159:in `process_client'
    /System/Library/Frameworks/Ruby.framework/Versions/1.8/usr/lib/ruby/gems/1.8/gems/mongrel-1.1.4/lib/mongrel.rb:158:in `each'
    /System/Library/Frameworks/Ruby.framework/Versions/1.8/usr/lib/ruby/gems/1.8/gems/mongrel-1.1.4/lib/mongrel.rb:158:in `process_client'
    /System/Library/Frameworks/Ruby.framework/Versions/1.8/usr/lib/ruby/gems/1.8/gems/mongrel-1.1.4/lib/mongrel.rb:285:in `run'
    /System/Library/Frameworks/Ruby.framework/Versions/1.8/usr/lib/ruby/gems/1.8/gems/mongrel-1.1.4/lib/mongrel.rb:285:in `initialize'
    /System/Library/Frameworks/Ruby.framework/Versions/1.8/usr/lib/ruby/gems/1.8/gems/mongrel-1.1.4/lib/mongrel.rb:285:in `new'
    /System/Library/Frameworks/Ruby.framework/Versions/1.8/usr/lib/ruby/gems/1.8/gems/mongrel-1.1.4/lib/mongrel.rb:285:in `run'
    /System/Library/Frameworks/Ruby.framework/Versions/1.8/usr/lib/ruby/gems/1.8/gems/mongrel-1.1.4/lib/mongrel.rb:268:in `initialize'
    /System/Library/Frameworks/Ruby.framework/Versions/1.8/usr/lib/ruby/gems/1.8/gems/mongrel-1.1.4/lib/mongrel.rb:268:in `new'
    /System/Library/Frameworks/Ruby.framework/Versions/1.8/usr/lib/ruby/gems/1.8/gems/mongrel-1.1.4/lib/mongrel.rb:268:in `run'
    /Library/Ruby/Gems/1.8/gems/rack-1.0.0/lib/rack/handler/mongrel.rb:34:in `run'
    /Library/Ruby/Gems/1.8/gems/rails-2.3.2/lib/commands/server.rb:111
    /Library/Ruby/Site/1.8/rubygems/custom_require.rb:31:in `gem_original_require'
    /Library/Ruby/Site/1.8/rubygems/custom_require.rb:31:in `require'
    script/server:3


Processing ActionController::Base#index (for 127.0.0.1 at 2009-06-20 22:24:49) [GET]

NameError (undefined local variable or method `stocked' for #<Class:ApplicationController>):
  app/controllers/application_controller.rb:11
  app/controllers/projects_controller.rb:1

Rendered rescues/_trace (91.4ms)
Rendered rescues/_request_and_response (1.7ms)
Rendering rescues/layout (internal_server_error)


Processing ActionController::Base#index (for 127.0.0.1 at 2009-06-20 22:25:21) [GET]

NameError (undefined local variable or method `stocked' for #<Class:ApplicationController>):
  app/controllers/application_controller.rb:11
  app/controllers/projects_controller.rb:1

Rendered rescues/_trace (31.8ms)
Rendered rescues/_request_and_response (0.3ms)
Rendering rescues/layout (internal_server_error)


Processing ActionController::Base#index (for 127.0.0.1 at 2009-06-20 22:25:22) [GET]

NameError (undefined local variable or method `stocked' for #<Class:ApplicationController>):
  app/controllers/application_controller.rb:11
  app/controllers/projects_controller.rb:1

Rendered rescues/_trace (103.2ms)
Rendered rescues/_request_and_response (0.3ms)
Rendering rescues/layout (internal_server_error)


Processing ActionController::Base#index (for 127.0.0.1 at 2009-06-20 22:25:22) [GET]

NameError (undefined local variable or method `stocked' for #<Class:ApplicationController>):
  app/controllers/application_controller.rb:11
  app/controllers/projects_controller.rb:1

Rendered rescues/_trace (32.6ms)
Rendered rescues/_request_and_response (0.4ms)
Rendering rescues/layout (internal_server_error)


Processing ActionController::Base#index (for 127.0.0.1 at 2009-06-20 22:25:23) [GET]

NameError (undefined local variable or method `stocked' for #<Class:ApplicationController>):
  app/controllers/application_controller.rb:11
  app/controllers/projects_controller.rb:1

Rendered rescues/_trace (100.1ms)
Rendered rescues/_request_and_response (0.2ms)
Rendering rescues/layout (internal_server_error)


Processing ActionController::Base#index (for 127.0.0.1 at 2009-06-20 22:25:35) [GET]

NameError (undefined local variable or method `stocked' for #<Class:ApplicationController>):
  app/controllers/application_controller.rb:11
  app/controllers/projects_controller.rb:1

Rendered rescues/_trace (33.4ms)
Rendered rescues/_request_and_response (0.3ms)
Rendering rescues/layout (internal_server_error)


Processing ProjectsController#index (for 127.0.0.1 at 2009-06-20 22:25:52) [GET]
  [4;36;1mMaker Create (0.5ms)[0m   [0;1mINSERT INTO "people" ("name", "updated_at", "type", "created_at") VALUES('Test Maker Name', '2009-06-20 21:25:52', 'Maker', '2009-06-20 21:25:52')[0m
  [4;35;1mMaker Create (0.4ms)[0m   [0mINSERT INTO "people" ("name", "updated_at", "type", "created_at") VALUES('Test Maker Name', '2009-06-20 21:25:52', 'Maker', '2009-06-20 21:25:52')[0m
  [4;36;1mProject Create (0.3ms)[0m   [0;1mINSERT INTO "projects" ("name", "pitch", "goal", "updated_at", "budget", "created_at") VALUES('Test Project Name', 'Test Project Pitch', 'Test Project Goal', '2009-06-20 21:25:52', 500, '2009-06-20 21:25:52')[0m
  [4;35;1mProject Load (0.4ms)[0m   [0mSELECT * FROM "projects" [0m
Rendering template within layouts/application
Rendering projects/index

ActionView::TemplateError (Called id for nil, which would mistakenly be 4 -- if you really wanted the id of nil, use object_id) on line #2 of app/views/projects/_project.html.erb:
1: <h2><%= project.name %></h2>
2: Maker: <%= link_to maker_path(project.maker.id), project.maker.name %>

    app/views/projects/_project.html.erb:2
    app/views/projects/index.html.erb:2

Rendered rescues/_trace (47.1ms)
Rendered rescues/_request_and_response (0.3ms)
Rendering rescues/layout (internal_server_error)


Processing ProjectsController#index (for 127.0.0.1 at 2009-06-20 22:27:03) [GET]
  [4;36;1mProject Load (0.6ms)[0m   [0;1mSELECT * FROM "projects" [0m
Rendering template within layouts/application
Rendering projects/index

ActionView::TemplateError (Called id for nil, which would mistakenly be 4 -- if you really wanted the id of nil, use object_id) on line #2 of app/views/projects/_project.html.erb:
1: <h2><%= project.name %></h2>
2: Maker: <%= link_to maker_path(project.maker.id), project.maker.name %>

    app/views/projects/_project.html.erb:2
    app/views/projects/index.html.erb:2

Rendered rescues/_trace (50.7ms)
Rendered rescues/_request_and_response (0.9ms)
Rendering rescues/layout (internal_server_error)


Processing ProjectsController#index (for 127.0.0.1 at 2009-06-20 22:27:32) [GET]
  [4;35;1mProject Load (0.5ms)[0m   [0mSELECT * FROM "projects" [0m
Rendering template within layouts/application
Rendering projects/index

ActionView::TemplateError (maker_url failed to generate from {:action=>"show", :controller=>"makers", :id=>nil}, expected: {:action=>"show", :controller=>"makers"}, diff: {:id=>nil}) on line #2 of app/views/projects/_project.html.erb:
1: <h2><%= project.name %></h2>
2: Maker: <%= link_to maker_path(project.maker), project.maker.name %>

    (eval):16:in `maker_path'
    app/views/projects/_project.html.erb:2
    app/views/projects/index.html.erb:2

Rendered rescues/_trace (48.8ms)
Rendered rescues/_request_and_response (0.3ms)
Rendering rescues/layout (internal_server_error)


Processing ProjectsController#index (for 127.0.0.1 at 2009-06-20 22:27:42) [GET]
  [4;36;1mProject Load (0.5ms)[0m   [0;1mSELECT * FROM "projects" [0m
Rendering template within layouts/application
Rendering projects/index
  [4;35;1mMaker Load (0.2ms)[0m   [0mSELECT * FROM "people" WHERE ( ("people"."type" = 'Maker' ) ) LIMIT 1[0m

ActionView::TemplateError (You have a nil object when you didn't expect it!
The error occurred while evaluating nil.name) on line #2 of app/views/projects/_project.html.erb:
1: <h2><%= project.name %></h2>
2: Maker: <%= link_to maker_path(Maker.first), project.maker.name %>

    app/views/projects/_project.html.erb:2
    app/views/projects/index.html.erb:2

Rendered rescues/_trace (47.8ms)
Rendered rescues/_request_and_response (0.3ms)
Rendering rescues/layout (internal_server_error)


Processing ProjectsController#index (for 127.0.0.1 at 2009-06-20 22:29:12) [GET]
  [4;36;1mMaker Create (0.5ms)[0m   [0;1mINSERT INTO "people" ("name", "updated_at", "type", "created_at") VALUES('Test Maker Name', '2009-06-20 21:29:12', 'Maker', '2009-06-20 21:29:12')[0m
  [4;35;1mMaker Create (0.3ms)[0m   [0mINSERT INTO "people" ("name", "updated_at", "type", "created_at") VALUES('Test Maker Name', '2009-06-20 21:29:12', 'Maker', '2009-06-20 21:29:12')[0m
  [4;36;1mProject Create (0.3ms)[0m   [0;1mINSERT INTO "projects" ("name", "pitch", "goal", "updated_at", "budget", "created_at") VALUES('Test Project Name', 'Test Project Pitch', 'Test Project Goal', '2009-06-20 21:29:12', 500, '2009-06-20 21:29:12')[0m
  [4;35;1mProject Load (0.6ms)[0m   [0mSELECT * FROM "projects" [0m
Rendering template within layouts/application
Rendering projects/index

ActionView::TemplateError (maker_url failed to generate from {:action=>"show", :controller=>"makers", :id=>nil}, expected: {:action=>"show", :controller=>"makers"}, diff: {:id=>nil}) on line #2 of app/views/projects/_project.html.erb:
1: <h2><%= project.name %></h2>
2: Maker: <%= link_to maker_path(project.maker), project.maker.name %>

    (eval):16:in `maker_path'
    app/views/projects/_project.html.erb:2
    app/views/projects/index.html.erb:2

Rendered rescues/_trace (112.8ms)
Rendered rescues/_request_and_response (1.3ms)
Rendering rescues/layout (internal_server_error)
  [4;36;1mSQL (0.6ms)[0m   [0;1m SELECT name
 FROM sqlite_master
 WHERE type = 'table' AND NOT name = 'sqlite_sequence'
[0m
  [4;35;1mSQL (0.2ms)[0m   [0mSELECT version FROM schema_migrations[0m
Migrating to CreateValues (20090620201454)
Migrating to CreateProjects (20090620201615)
Migrating to CreatePeople (20090620204433)
Migrating to AddMakerIdToProject (20090620212822)
  [4;36;1mSQL (0.1ms)[0m   [0;1mselect sqlite_version(*)[0m
  [4;36;1mSQL (0.6ms)[0m   [0;1m SELECT name
 FROM sqlite_master
 WHERE type = 'table' AND NOT name = 'sqlite_sequence'
[0m
  [4;35;1mSQL (0.2ms)[0m   [0mSELECT version FROM schema_migrations[0m
Migrating to CreateValues (20090620201454)
Migrating to CreateProjects (20090620201615)
Migrating to CreatePeople (20090620204433)
Migrating to AddMakerIdToProject (20090620212822)
  [4;36;1mSQL (0.1ms)[0m   [0;1mselect sqlite_version(*)[0m
  [4;35;1mSQL (0.0ms)[0m   [0mSQLite3::SQLException: no such table: maker_id: ALTER TABLE "maker_id" ADD "project" integer[0m
  [4;36;1mSQL (0.6ms)[0m   [0;1m SELECT name
 FROM sqlite_master
 WHERE type = 'table' AND NOT name = 'sqlite_sequence'
[0m
  [4;35;1mSQL (0.2ms)[0m   [0mSELECT version FROM schema_migrations[0m
Migrating to CreateValues (20090620201454)
Migrating to CreateProjects (20090620201615)
Migrating to CreatePeople (20090620204433)
Migrating to AddMakerIdToProject (20090620212822)
  [4;36;1mSQL (0.1ms)[0m   [0;1mselect sqlite_version(*)[0m
  [4;35;1mSQL (0.0ms)[0m   [0mSQLite3::SQLException: no such table: project: ALTER TABLE "project" ADD "maker_id" integer[0m
  [4;36;1mSQL (0.7ms)[0m   [0;1m SELECT name
 FROM sqlite_master
 WHERE type = 'table' AND NOT name = 'sqlite_sequence'
[0m
  [4;35;1mSQL (0.3ms)[0m   [0mSELECT version FROM schema_migrations[0m
Migrating to CreateValues (20090620201454)
Migrating to CreateProjects (20090620201615)
Migrating to CreatePeople (20090620204433)
Migrating to AddMakerIdToProject (20090620212822)
  [4;36;1mSQL (0.1ms)[0m   [0;1mselect sqlite_version(*)[0m
  [4;35;1mSQL (0.5ms)[0m   [0mALTER TABLE "projects" ADD "maker_id" integer[0m
  [4;36;1mSQL (0.2ms)[0m   [0;1mINSERT INTO schema_migrations (version) VALUES ('20090620212822')[0m
  [4;35;1mSQL (0.4ms)[0m   [0m SELECT name
 FROM sqlite_master
 WHERE type = 'table' AND NOT name = 'sqlite_sequence'
[0m
  [4;36;1mSQL (0.3ms)[0m   [0;1mSELECT version FROM schema_migrations[0m
  [4;35;1mSQL (0.3ms)[0m   [0m SELECT name
 FROM sqlite_master
 WHERE type = 'table' AND NOT name = 'sqlite_sequence'
[0m
  [4;36;1mSQL (0.0ms)[0m   [0;1mPRAGMA index_list("people")[0m
  [4;35;1mSQL (0.0ms)[0m   [0mPRAGMA index_list("projects")[0m
  [4;36;1mSQL (0.1ms)[0m   [0;1mPRAGMA index_list("values")[0m


Processing ProjectsController#index (for 127.0.0.1 at 2009-06-20 22:34:10) [GET]
  [4;36;1mMaker Create (0.4ms)[0m   [0;1mINSERT INTO "people" ("name", "updated_at", "type", "created_at") VALUES('Test Maker Name', '2009-06-20 21:34:10', 'Maker', '2009-06-20 21:34:10')[0m
  [4;35;1mMaker Create (0.4ms)[0m   [0mINSERT INTO "people" ("name", "updated_at", "type", "created_at") VALUES('Test Maker Name', '2009-06-20 21:34:10', 'Maker', '2009-06-20 21:34:10')[0m
  [4;36;1mProject Create (0.6ms)[0m   [0;1mINSERT INTO "projects" ("name", "pitch", "goal", "updated_at", "maker_id", "budget", "created_at") VALUES('Test Project Name', 'Test Project Pitch', 'Test Project Goal', '2009-06-20 21:34:10', 6, 500, '2009-06-20 21:34:10')[0m
  [4;35;1mProject Load (1.0ms)[0m   [0mSELECT * FROM "projects" [0m
Rendering template within layouts/application
Rendering projects/index

ActionView::TemplateError (maker_url failed to generate from {:action=>"show", :controller=>"makers", :id=>nil}, expected: {:action=>"show", :controller=>"makers"}, diff: {:id=>nil}) on line #2 of app/views/projects/_project.html.erb:
1: <h2><%= project.name %></h2>
2: Maker: <%= link_to maker_path(project.maker), project.maker.name %>

    (eval):16:in `maker_path'
    app/views/projects/_project.html.erb:2
    app/views/projects/index.html.erb:2

Rendered rescues/_trace (111.0ms)
Rendered rescues/_request_and_response (1.4ms)
Rendering rescues/layout (internal_server_error)


Processing MakersController#index (for 127.0.0.1 at 2009-06-20 22:34:59) [GET]

ActionView::MissingTemplate (Missing template makers/index.erb in view path app/views):
  

Rendering rescues/layout (internal_server_error)


Processing ProjectsController#index (for 127.0.0.1 at 2009-06-20 22:37:12) [GET]
  [4;36;1mProject Load (0.7ms)[0m   [0;1mSELECT * FROM "projects" [0m
Rendering template within layouts/application
Rendering projects/index

ActionView::TemplateError (maker_url failed to generate from {:action=>"show", :controller=>"makers", :id=>nil}, expected: {:action=>"show", :controller=>"makers"}, diff: {:id=>nil}) on line #2 of app/views/projects/_project.html.erb:
1: <h2><%= project.name %></h2>
2: Maker: <%= link_to maker_path(project.maker), project.maker.name %>

    (eval):16:in `maker_path'
    app/views/projects/_project.html.erb:2
    app/views/projects/index.html.erb:2

Rendered rescues/_trace (111.9ms)
Rendered rescues/_request_and_response (0.3ms)
Rendering rescues/layout (internal_server_error)


Processing MakersController#index (for 127.0.0.1 at 2009-06-20 22:37:24) [GET]
Rendering template within layouts/application
Rendering makers/index

ActionView::TemplateError (You have a nil object when you didn't expect it!
You might have expected an instance of Array.
The error occurred while evaluating nil.length) on line #1 of app/views/makers/index.html.erb:
1: Look at these <%= pluralize(@projects.length, "amazing makers") %> 
2: <%= render :partial => 'maker', :collection => @makers %>

    app/views/makers/index.html.erb:1

Rendered rescues/_trace (42.1ms)
Rendered rescues/_request_and_response (0.3ms)
Rendering rescues/layout (internal_server_error)


Processing MakersController#index (for 127.0.0.1 at 2009-06-20 22:37:36) [GET]
  [4;35;1mMaker Load (0.6ms)[0m   [0mSELECT * FROM "people" WHERE ( ("people"."type" = 'Maker' ) ) [0m
Rendering template within layouts/application
Rendering makers/index

ActionView::TemplateError (You have a nil object when you didn't expect it!
You might have expected an instance of Array.
The error occurred while evaluating nil.length) on line #1 of app/views/makers/index.html.erb:
1: Look at these <%= pluralize(@projects.length, "amazing makers") %> 
2: <%= render :partial => 'maker', :collection => @makers %>

    app/views/makers/index.html.erb:1

Rendered rescues/_trace (35.5ms)
Rendered rescues/_request_and_response (0.2ms)
Rendering rescues/layout (internal_server_error)


Processing MakersController#index (for 127.0.0.1 at 2009-06-20 22:37:39) [GET]
  [4;36;1mMaker Load (0.7ms)[0m   [0;1mSELECT * FROM "people" WHERE ( ("people"."type" = 'Maker' ) ) [0m
Rendering template within layouts/application
Rendering makers/index

ActionView::TemplateError (You have a nil object when you didn't expect it!
You might have expected an instance of Array.
The error occurred while evaluating nil.length) on line #1 of app/views/makers/index.html.erb:
1: Look at these <%= pluralize(@projects.length, "amazing makers") %> 
2: <%= render :partial => 'maker', :collection => @makers %>

    app/views/makers/index.html.erb:1

Rendered rescues/_trace (36.8ms)
Rendered rescues/_request_and_response (0.3ms)
Rendering rescues/layout (internal_server_error)


Processing MakersController#index (for 127.0.0.1 at 2009-06-20 22:37:40) [GET]
  [4;35;1mMaker Load (0.6ms)[0m   [0mSELECT * FROM "people" WHERE ( ("people"."type" = 'Maker' ) ) [0m
Rendering template within layouts/application
Rendering makers/index

ActionView::TemplateError (You have a nil object when you didn't expect it!
You might have expected an instance of Array.
The error occurred while evaluating nil.length) on line #1 of app/views/makers/index.html.erb:
1: Look at these <%= pluralize(@projects.length, "amazing makers") %> 
2: <%= render :partial => 'maker', :collection => @makers %>

    app/views/makers/index.html.erb:1

Rendered rescues/_trace (93.7ms)
Rendered rescues/_request_and_response (0.2ms)
Rendering rescues/layout (internal_server_error)


Processing MakersController#index (for 127.0.0.1 at 2009-06-20 22:37:40) [GET]
  [4;36;1mMaker Load (0.7ms)[0m   [0;1mSELECT * FROM "people" WHERE ( ("people"."type" = 'Maker' ) ) [0m
Rendering template within layouts/application
Rendering makers/index

ActionView::TemplateError (You have a nil object when you didn't expect it!
You might have expected an instance of Array.
The error occurred while evaluating nil.length) on line #1 of app/views/makers/index.html.erb:
1: Look at these <%= pluralize(@projects.length, "amazing makers") %> 
2: <%= render :partial => 'maker', :collection => @makers %>

    app/views/makers/index.html.erb:1

Rendered rescues/_trace (38.3ms)
Rendered rescues/_request_and_response (0.3ms)
Rendering rescues/layout (internal_server_error)


Processing MakersController#index (for 127.0.0.1 at 2009-06-20 22:37:47) [GET]
  [4;36;1mMaker Create (0.4ms)[0m   [0;1mINSERT INTO "people" ("name", "updated_at", "type", "created_at") VALUES('Test Maker Name', '2009-06-20 21:37:47', 'Maker', '2009-06-20 21:37:47')[0m
  [4;35;1mMaker Create (0.4ms)[0m   [0mINSERT INTO "people" ("name", "updated_at", "type", "created_at") VALUES('Test Maker Name', '2009-06-20 21:37:47', 'Maker', '2009-06-20 21:37:47')[0m
  [4;36;1mProject Create (0.3ms)[0m   [0;1mINSERT INTO "projects" ("name", "pitch", "goal", "updated_at", "maker_id", "budget", "created_at") VALUES('Test Project Name', 'Test Project Pitch', 'Test Project Goal', '2009-06-20 21:37:47', 8, 500, '2009-06-20 21:37:47')[0m
  [4;35;1mMaker Load (1.0ms)[0m   [0mSELECT * FROM "people" WHERE ( ("people"."type" = 'Maker' ) ) [0m
Rendering template within layouts/application
Rendering makers/index

ActionView::TemplateError (You have a nil object when you didn't expect it!
You might have expected an instance of Array.
The error occurred while evaluating nil.length) on line #1 of app/views/makers/index.html.erb:
1: Look at these <%= pluralize(@projects.length, "amazing makers") %> 
2: <%= render :partial => 'maker', :collection => @makers %>

    app/views/makers/index.html.erb:1

Rendered rescues/_trace (42.3ms)
Rendered rescues/_request_and_response (1.4ms)
Rendering rescues/layout (internal_server_error)


Processing MakersController#index (for 127.0.0.1 at 2009-06-20 22:38:04) [GET]
  [4;36;1mMaker Load (0.8ms)[0m   [0;1mSELECT * FROM "people" WHERE ( ("people"."type" = 'Maker' ) ) [0m
Rendering template within layouts/application
Rendering makers/index

ActionView::TemplateError (You have a nil object when you didn't expect it!
You might have expected an instance of Array.
The error occurred while evaluating nil.length) on line #1 of app/views/makers/index.html.erb:
1: Look at these <%= pluralize(@projects.length, "amazing makers") %> 
2: <%= render :partial => 'maker', :collection => @makers %>

    app/views/makers/index.html.erb:1

Rendered rescues/_trace (38.7ms)
Rendered rescues/_request_and_response (0.2ms)
Rendering rescues/layout (internal_server_error)


Processing MakersController#index (for 127.0.0.1 at 2009-06-20 22:38:21) [GET]
  [4;35;1mMaker Load (0.7ms)[0m   [0mSELECT * FROM "people" WHERE ( ("people"."type" = 'Maker' ) ) [0m
Rendering template within layouts/application
Rendering makers/index
Rendered makers/_maker (1.0ms)
Rendered makers/_maker (0.0ms)
Rendered makers/_maker (0.0ms)
Rendered makers/_maker (0.0ms)
Rendered makers/_maker (0.0ms)
Rendered makers/_maker (0.0ms)
Rendered makers/_maker (0.0ms)
Rendered makers/_maker (0.0ms)
Completed in 15ms (View: 7, DB: 1) | 200 OK [http://localhost/makers]


Processing MakersController#index (for 127.0.0.1 at 2009-06-20 22:39:16) [GET]
  [4;36;1mMaker Delete all (52.0ms)[0m   [0;1mDELETE FROM "people" WHERE ( ("people"."type" = 'Maker' ) ) [0m
  [4;35;1mProject Delete all (3.3ms)[0m   [0mDELETE FROM "projects" WHERE 1=1[0m
  [4;36;1mMaker Load (0.2ms)[0m   [0;1mSELECT * FROM "people" WHERE ( ("people"."type" = 'Maker' ) ) [0m
Rendering template within layouts/application
Rendering makers/index
Completed in 68ms (View: 1, DB: 55) | 200 OK [http://localhost/makers]


Processing MakersController#index (for 127.0.0.1 at 2009-06-20 22:39:17) [GET]
  [4;35;1mMaker Delete all (1.4ms)[0m   [0mDELETE FROM "people" WHERE ( ("people"."type" = 'Maker' ) ) [0m
  [4;36;1mProject Delete all (41.6ms)[0m   [0;1mDELETE FROM "projects" WHERE 1=1[0m
  [4;35;1mMaker Load (0.2ms)[0m   [0mSELECT * FROM "people" WHERE ( ("people"."type" = 'Maker' ) ) [0m
Rendering template within layouts/application
Rendering makers/index
Completed in 54ms (View: 1, DB: 43) | 200 OK [http://localhost/makers]


Processing MakersController#index (for 127.0.0.1 at 2009-06-20 22:39:24) [GET]
  [4;36;1mMaker Load (0.1ms)[0m   [0;1mSELECT * FROM "people" WHERE ( ("people"."type" = 'Maker' ) ) [0m
Rendering template within layouts/application
Rendering makers/index
Completed in 7ms (View: 1, DB: 0) | 200 OK [http://localhost/makers]


Processing MakersController#index (for 127.0.0.1 at 2009-06-20 22:39:26) [GET]
  [4;35;1mMaker Load (0.1ms)[0m   [0mSELECT * FROM "people" WHERE ( ("people"."type" = 'Maker' ) ) [0m
Rendering template within layouts/application
Rendering makers/index
Completed in 9ms (View: 1, DB: 0) | 200 OK [http://localhost/makers]


Processing MakersController#index (for 127.0.0.1 at 2009-06-20 22:39:27) [GET]
  [4;36;1mMaker Load (0.1ms)[0m   [0;1mSELECT * FROM "people" WHERE ( ("people"."type" = 'Maker' ) ) [0m
Rendering template within layouts/application
Rendering makers/index
Completed in 10ms (View: 1, DB: 0) | 200 OK [http://localhost/makers]


Processing MakersController#index (for 127.0.0.1 at 2009-06-20 22:39:34) [GET]
  [4;36;1mMaker Create (0.4ms)[0m   [0;1mINSERT INTO "people" ("name", "updated_at", "type", "created_at") VALUES('Test Maker Name', '2009-06-20 21:39:34', 'Maker', '2009-06-20 21:39:34')[0m
  [4;35;1mMaker Create (0.4ms)[0m   [0mINSERT INTO "people" ("name", "updated_at", "type", "created_at") VALUES('Test Maker Name', '2009-06-20 21:39:34', 'Maker', '2009-06-20 21:39:34')[0m
  [4;36;1mProject Create (0.3ms)[0m   [0;1mINSERT INTO "projects" ("name", "pitch", "goal", "updated_at", "maker_id", "budget", "created_at") VALUES('Test Project Name', 'Test Project Pitch', 'Test Project Goal', '2009-06-20 21:39:34', 10, 500, '2009-06-20 21:39:34')[0m
  [4;35;1mMaker Load (0.6ms)[0m   [0mSELECT * FROM "people" WHERE ( ("people"."type" = 'Maker' ) ) [0m
Rendering template within layouts/application
Rendering makers/index
Rendered makers/_maker (0.4ms)
Rendered makers/_maker (0.1ms)
Completed in 168ms (View: 70, DB: 2) | 200 OK [http://localhost/makers]


Processing ProjectsController#index (for 127.0.0.1 at 2009-06-20 22:39:38) [GET]
  [4;36;1mProject Load (1.0ms)[0m   [0;1mSELECT * FROM "projects" [0m
Rendering template within layouts/application
Rendering projects/index
  [4;35;1mMaker Load (0.3ms)[0m   [0mSELECT * FROM "people" WHERE ("people"."id" = 10) AND ( ("people"."type" = 'Maker' ) ) [0m
Rendered projects/_project (10.7ms)
Completed in 24ms (View: 18, DB: 1) | 200 OK [http://localhost/projects]


Processing ApplicationController#index (for 127.0.0.1 at 2009-06-20 22:39:41) [GET]

ActionController::RoutingError (No route matches "/Test%20Maker%20Name" with {:method=>:get}):
  

Rendering rescues/layout (not_found)


Processing ProjectsController#index (for 127.0.0.1 at 2009-06-20 22:40:08) [GET]
  [4;36;1mProject Load (0.5ms)[0m   [0;1mSELECT * FROM "projects" [0m
Rendering template within layouts/application
Rendering projects/index
  [4;35;1mMaker Load (0.2ms)[0m   [0mSELECT * FROM "people" WHERE ("people"."id" = 10) AND ( ("people"."type" = 'Maker' ) ) [0m
Rendered projects/_project (9.9ms)
Completed in 18ms (View: 14, DB: 1) | 200 OK [http://localhost/projects]


Processing ProjectsController#index (for 127.0.0.1 at 2009-06-20 22:40:19) [GET]
  [4;36;1mProject Load (0.5ms)[0m   [0;1mSELECT * FROM "projects" [0m
Rendering template within layouts/application
Rendering projects/index
  [4;35;1mMaker Load (0.3ms)[0m   [0mSELECT * FROM "people" WHERE ("people"."id" = 10) AND ( ("people"."type" = 'Maker' ) ) [0m
Rendered projects/_project (10.0ms)
Completed in 18ms (View: 13, DB: 1) | 200 OK [http://localhost/projects]


Processing MakersController#show (for 127.0.0.1 at 2009-06-20 22:40:21) [GET]
  Parameters: {"id"=>"10"}

ActionView::MissingTemplate (Missing template makers/show.erb in view path app/views):
  

Rendering rescues/layout (internal_server_error)


Processing MakersController#show (for 127.0.0.1 at 2009-06-20 22:41:03) [GET]
  Parameters: {"id"=>"10"}

NameError (uninitialized constant MakersController::Marker):
  app/controllers/makers_controller.rb:7:in `show'

Rendered rescues/_trace (31.2ms)
Rendered rescues/_request_and_response (1.7ms)
Rendering rescues/layout (internal_server_error)


Processing MakersController#show (for 127.0.0.1 at 2009-06-20 22:42:54) [GET]
  Parameters: {"id"=>"10"}
  [4;36;1mMaker Load (0.3ms)[0m   [0;1mSELECT * FROM "people" WHERE ("people"."id" = '10') AND ( ("people"."type" = 'Maker' ) ) LIMIT 1[0m
Rendering template within layouts/application
Rendering makers/show
Completed in 12ms (View: 5, DB: 0) | 200 OK [http://localhost/makers/10]


Processing MakersController#show (for 127.0.0.1 at 2009-06-20 22:43:23) [GET]
  Parameters: {"id"=>"10"}
  [4;35;1mMaker Load (0.2ms)[0m   [0mSELECT * FROM "people" WHERE ("people"."id" = '10') AND ( ("people"."type" = 'Maker' ) ) LIMIT 1[0m
Rendering template within layouts/application
Rendering makers/show
Completed in 8ms (View: 1, DB: 0) | 200 OK [http://localhost/makers/10]


Processing MakersController#show (for 127.0.0.1 at 2009-06-20 22:43:38) [GET]
  Parameters: {"id"=>"10"}
  [4;36;1mMaker Load (0.2ms)[0m   [0;1mSELECT * FROM "people" WHERE ("people"."id" = '10') AND ( ("people"."type" = 'Maker' ) ) LIMIT 1[0m
Rendering template within layouts/application
Rendering makers/show

ActionView::TemplateError (undefined local variable or method `maker' for #<ActionView::Base:0x21d0658>) on line #2 of app/views/makers/show.html.erb:
1: Meet this maker:
2: <h2><%= maker.name %></h2>

    app/views/makers/show.html.erb:2

Rendered rescues/_trace (37.4ms)
Rendered rescues/_request_and_response (0.3ms)
Rendering rescues/layout (internal_server_error)


Processing MakersController#show (for 127.0.0.1 at 2009-06-20 22:43:43) [GET]
  Parameters: {"id"=>"10"}
  [4;35;1mMaker Load (0.2ms)[0m   [0mSELECT * FROM "people" WHERE ("people"."id" = '10') AND ( ("people"."type" = 'Maker' ) ) LIMIT 1[0m
Rendering template within layouts/application
Rendering makers/show
Completed in 11ms (View: 4, DB: 0) | 200 OK [http://localhost/makers/10]


Processing ProjectsController#index (for 127.0.0.1 at 2009-06-20 22:43:48) [GET]
  [4;36;1mProject Load (0.5ms)[0m   [0;1mSELECT * FROM "projects" [0m
Rendering template within layouts/application
Rendering projects/index
  [4;35;1mMaker Load (0.3ms)[0m   [0mSELECT * FROM "people" WHERE ("people"."id" = 10) AND ( ("people"."type" = 'Maker' ) ) [0m
Rendered projects/_project (10.0ms)
Completed in 16ms (View: 12, DB: 1) | 200 OK [http://localhost/projects]


Processing MakersController#show (for 127.0.0.1 at 2009-06-20 22:43:51) [GET]
  Parameters: {"id"=>"10"}
  [4;36;1mMaker Load (0.3ms)[0m   [0;1mSELECT * FROM "people" WHERE ("people"."id" = '10') AND ( ("people"."type" = 'Maker' ) ) LIMIT 1[0m
Rendering template within layouts/application
Rendering makers/show
Completed in 185ms (View: 2, DB: 0) | 200 OK [http://localhost/makers/10]
